#
# A fatal error has been detected by the Java Runtime Environment:
#
#  SIGSEGV (0xb) at pc=0x00007fe953c5a3e0, pid=21730, tid=21754
#
# JRE version: Java(TM) SE Runtime Environment (18.0+36) (build 18+36-2087)
# Java VM: Java HotSpot(TM) 64-Bit Server VM (18+36-2087, mixed mode, sharing, tiered, compressed oops, compressed class ptrs, g1 gc, linux-amd64)
# Problematic frame:
# V  [libjvm.so+0x124a3e0]
#
# Core dump will be written. Default location: Core dumps may be processed with "/usr/share/apport/apport -p%p -s%s -c%c -d%d -P%P -u%u -g%g -- %E" (or dumping to /home/majornick/Codes/oop/quiz2/Quiz/core.21730)
#
# If you would like to submit a bug report, please visit:
#   https://bugreport.java.com/bugreport/crash.jsp
#

---------------  S U M M A R Y ------------

Command Line: -Dmaven.multiModuleProjectDirectory=/home/majornick/Codes/oop/quiz2/Quiz -Djansi.passthrough=true -Dmaven.home=/usr/local/games/idea/plugins/maven/lib/maven3 -Dclassworlds.conf=/usr/local/games/idea/plugins/maven/lib/maven3/bin/m2.conf -Dmaven.ext.class.path=/usr/local/games/idea/plugins/maven/lib/maven-event-listener.jar -javaagent:/usr/local/games/idea/lib/idea_rt.jar=32921:/usr/local/games/idea/bin -Dfile.encoding=UTF-8 -Dsun.stdout.encoding=UTF-8 -Dsun.stderr.encoding=UTF-8 org.codehaus.classworlds.Launcher -Didea.version=2023.1.4 tomcat7:run

Host: Intel(R) Core(TM)2 Quad CPU    Q9400  @ 2.66GHz, 4 cores, 5G, Ubuntu 18.04.6 LTS
Time: Fri Aug 18 18:08:10 2023 +04 elapsed time: 5.752059 seconds (0d 0h 0m 5s)

---------------  T H R E A D  ---------------

Current thread (0x00007fe91000d8c0):  WorkerThread "GC Thread#3" [stack: 0x00007fe8ff1ee000,0x00007fe8ff2ee000] [id=21754]

Stack: [0x00007fe8ff1ee000,0x00007fe8ff2ee000],  sp=0x00007fe8ff2eb568,  free space=1013k
Native frames: (J=compiled Java code, j=interpreted, Vv=VM code, C=native code)
V  [libjvm.so+0x124a3e0]
V  [libjvm.so+0x71e2e7]  G1ParScanThreadState::trim_queue_to_threshold(unsigned int)+0x3997
V  [libjvm.so+0x73ee49]  G1ParCopyClosure<(G1Barrier)0, false>::do_oop(oopDesc**)+0x99
V  [libjvm.so+0xbe7f7c]  InterpreterOopMap::iterate_oop(OffsetClosure*) const+0xfc
V  [libjvm.so+0x6aac1a]  frame::oops_interpreted_do(OopClosure*, RegisterMap const*, bool) const+0x18a
V  [libjvm.so+0xd8f395]  JavaThread::oops_do_frames(OopClosure*, CodeBlobClosure*) [clone .part.0]+0xb5
V  [libjvm.so+0xd945ab]  Threads::possibly_parallel_oops_do(bool, OopClosure*, CodeBlobClosure*)+0x1bb
V  [libjvm.so+0x7410c0]  G1RootProcessor::process_java_roots(G1RootClosures*, G1GCPhaseTimes*, unsigned int)+0x70
V  [libjvm.so+0x741761]  G1RootProcessor::evacuate_roots(G1ParScanThreadState*, unsigned int)+0x61
V  [libjvm.so+0x754e32]  G1EvacuateRegionsTask::scan_roots(G1ParScanThreadState*, unsigned int)+0x22
V  [libjvm.so+0x755083]  G1EvacuateRegionsBaseTask::work(unsigned int)+0x83
V  [libjvm.so+0xe47aad]  WorkerThread::run()+0x6d
V  [libjvm.so+0xd95c10]  Thread::call_run()+0xc0
V  [libjvm.so+0xbfa4f1]  thread_native_entry(Thread*)+0xe1

JavaThread 0x00007fe94c028d60 (nid = 21731) was being processed
Java frames: (J=compiled Java code, j=interpreted, Vv=VM code)
v  ~RuntimeStub::_new_array_Java
J 2427 c2 java.util.ArrayList.grow(I)[Ljava/lang/Object; java.base@18 (60 bytes) @ 0x00007fe93d1d10e8 [0x00007fe93d1d0ca0+0x0000000000000448]
J 1271 c1 java.util.ArrayList.add(ILjava/lang/Object;)V java.base@18 (65 bytes) @ 0x00007fe935df9f6c [0x00007fe935df9da0+0x00000000000001cc]
J 1447 c1 com.google.inject.internal.AbstractBindingBuilder.<init>(Lcom/google/inject/Binder;Ljava/util/List;Ljava/lang/Object;Lcom/google/inject/Key;)V (56 bytes) @ 0x00007fe935e556d4 [0x00007fe935e55280+0x0000000000000454]
J 1450 c1 com.google.inject.internal.BindingBuilder.<init>(Lcom/google/inject/Binder;Ljava/util/List;Ljava/lang/Object;Lcom/google/inject/Key;)V (10 bytes) @ 0x00007fe935e58534 [0x00007fe935e584c0+0x0000000000000074]
J 1272 c1 com.google.inject.spi.Elements$RecordingBinder.bind(Lcom/google/inject/Key;)Lcom/google/inject/binder/AnnotatedBindingBuilder; (23 bytes) @ 0x00007fe935dfb224 [0x00007fe935dfb0e0+0x0000000000000144]
J 1414 c1 com.google.inject.spi.Elements$RecordingBinder.bind(Lcom/google/inject/Key;)Lcom/google/inject/binder/LinkedBindingBuilder; (6 bytes) @ 0x00007fe935e45644 [0x00007fe935e455c0+0x0000000000000084]
j  com.google.inject.internal.InstanceBindingImpl.applyTo(Lcom/google/inject/Binder;)V+14
j  org.eclipse.sisu.wire.ElementAnalyzer.visit(Lcom/google/inject/Binding;)Ljava/lang/Void;+70
J 1547 c1 org.eclipse.sisu.wire.ElementAnalyzer.visit(Lcom/google/inject/Binding;)Ljava/lang/Object; (9 bytes) @ 0x00007fe935e872bc [0x00007fe935e87140+0x000000000000017c]
J 1546 c1 com.google.inject.internal.BindingImpl.acceptVisitor(Lcom/google/inject/spi/ElementVisitor;)Ljava/lang/Object; (8 bytes) @ 0x00007fe935e86dcc [0x00007fe935e86cc0+0x000000000000010c]
j  org.eclipse.sisu.wire.WireModule.configure(Lcom/google/inject/Binder;)V+39
j  com.google.inject.spi.Elements$RecordingBinder.install(Lcom/google/inject/Module;)V+161
j  com.google.inject.spi.Elements.getElements(Lcom/google/inject/Stage;Ljava/lang/Iterable;)Ljava/util/List;+40
j  com.google.inject.internal.InjectorShell$Builder.build(Lcom/google/inject/internal/Initializer;Lcom/google/inject/internal/ProcessedBindingData;Lcom/google/inject/internal/util/Stopwatch;Lcom/google/inject/internal/Errors;)Ljava/util/List;+122
j  com.google.inject.internal.InternalInjectorCreator.build()Lcom/google/inject/Injector;+48
j  com.google.inject.Guice.createInjector(Lcom/google/inject/Stage;Ljava/lang/Iterable;)Lcom/google/inject/Injector;+15
j  com.google.inject.Guice.createInjector(Ljava/lang/Iterable;)Lcom/google/inject/Injector;+4
j  com.google.inject.Guice.createInjector([Lcom/google/inject/Module;)Lcom/google/inject/Injector;+4
j  org.codehaus.plexus.DefaultPlexusContainer.addPlexusInjector(Ljava/util/List;[Lcom/google/inject/Module;)Lcom/google/inject/Injector;+88
j  org.codehaus.plexus.DefaultPlexusContainer.discoverComponents(Lorg/codehaus/plexus/classworlds/realm/ClassRealm;[Lcom/google/inject/Module;)Ljava/util/List;+174
j  org.apache.maven.plugin.internal.DefaultMavenPluginManager.discoverPluginComponents(Lorg/codehaus/plexus/classworlds/realm/ClassRealm;Lorg/apache/maven/model/Plugin;Lorg/apache/maven/plugin/descriptor/PluginDescriptor;)V+97
j  org.apache.maven.plugin.internal.DefaultMavenPluginManager.createPluginRealm(Lorg/apache/maven/plugin/descriptor/PluginDescriptor;Lorg/apache/maven/execution/MavenSession;Ljava/lang/ClassLoader;Ljava/util/Map;Lorg/eclipse/aether/graph/DependencyFilter;)V+141
j  org.apache.maven.plugin.internal.DefaultMavenPluginManager.setupPluginRealm(Lorg/apache/maven/plugin/descriptor/PluginDescriptor;Lorg/apache/maven/execution/MavenSession;Ljava/lang/ClassLoader;Ljava/util/List;Lorg/eclipse/aether/graph/DependencyFilter;)V+263
j  org.apache.maven.plugin.DefaultBuildPluginManager.getPluginRealm(Lorg/apache/maven/execution/MavenSession;Lorg/apache/maven/plugin/descriptor/PluginDescriptor;)Lorg/codehaus/plexus/classworlds/realm/ClassRealm;+20
j  org.apache.maven.plugin.DefaultBuildPluginManager.executeMojo(Lorg/apache/maven/execution/MavenSession;Lorg/apache/maven/plugin/MojoExecution;)V+21
j  org.apache.maven.lifecycle.internal.MojoExecutor.execute(Lorg/apache/maven/execution/MavenSession;Lorg/apache/maven/plugin/MojoExecution;Lorg/apache/maven/lifecycle/internal/ProjectIndex;Lorg/apache/maven/lifecycle/internal/DependencyContext;)V+215
j  org.apache.maven.lifecycle.internal.MojoExecutor.execute(Lorg/apache/maven/execution/MavenSession;Lorg/apache/maven/plugin/MojoExecution;Lorg/apache/maven/lifecycle/internal/ProjectIndex;Lorg/apache/maven/lifecycle/internal/DependencyContext;Lorg/apache/maven/lifecycle/internal/PhaseRecorder;)V+6
j  org.apache.maven.lifecycle.internal.MojoExecutor.execute(Lorg/apache/maven/execution/MavenSession;Ljava/util/List;Lorg/apache/maven/lifecycle/internal/ProjectIndex;)V+60
j  org.apache.maven.lifecycle.internal.MojoExecutor.executeForkedExecutions(Lorg/apache/maven/plugin/MojoExecution;Lorg/apache/maven/execution/MavenSession;Lorg/apache/maven/lifecycle/internal/ProjectIndex;)Ljava/util/List;+242
j  org.apache.maven.lifecycle.internal.MojoExecutor.execute(Lorg/apache/maven/execution/MavenSession;Lorg/apache/maven/plugin/MojoExecution;Lorg/apache/maven/lifecycle/internal/ProjectIndex;Lorg/apache/maven/lifecycle/internal/DependencyContext;)V+181
j  org.apache.maven.lifecycle.internal.MojoExecutor.execute(Lorg/apache/maven/execution/MavenSession;Lorg/apache/maven/plugin/MojoExecution;Lorg/apache/maven/lifecycle/internal/ProjectIndex;Lorg/apache/maven/lifecycle/internal/DependencyContext;Lorg/apache/maven/lifecycle/internal/PhaseRecorder;)V+6
j  org.apache.maven.lifecycle.internal.MojoExecutor.execute(Lorg/apache/maven/execution/MavenSession;Ljava/util/List;Lorg/apache/maven/lifecycle/internal/ProjectIndex;)V+60
j  org.apache.maven.lifecycle.internal.LifecycleModuleBuilder.buildProject(Lorg/apache/maven/execution/MavenSession;Lorg/apache/maven/execution/MavenSession;Lorg/apache/maven/lifecycle/internal/ReactorContext;Lorg/apache/maven/project/MavenProject;Lorg/apache/maven/lifecycle/internal/TaskSegment;)V+179
j  org.apache.maven.lifecycle.internal.LifecycleModuleBuilder.buildProject(Lorg/apache/maven/execution/MavenSession;Lorg/apache/maven/lifecycle/internal/ReactorContext;Lorg/apache/maven/project/MavenProject;Lorg/apache/maven/lifecycle/internal/TaskSegment;)V+7
j  org.apache.maven.lifecycle.internal.builder.singlethreaded.SingleThreadedBuilder.build(Lorg/apache/maven/execution/MavenSession;Lorg/apache/maven/lifecycle/internal/ReactorContext;Lorg/apache/maven/lifecycle/internal/ProjectBuildList;Ljava/util/List;Lorg/apache/maven/lifecycle/internal/ReactorBuildStatus;)V+77
j  org.apache.maven.lifecycle.internal.LifecycleStarter.execute(Lorg/apache/maven/execution/MavenSession;)V+348
j  org.apache.maven.DefaultMaven.doExecute(Lorg/apache/maven/execution/MavenExecutionRequest;Lorg/apache/maven/execution/MavenSession;Lorg/apache/maven/execution/MavenExecutionResult;Lorg/eclipse/aether/DefaultRepositorySystemSession;)Lorg/apache/maven/execution/MavenExecutionResult;+425
j  org.apache.maven.DefaultMaven.doExecute(Lorg/apache/maven/execution/MavenExecutionRequest;)Lorg/apache/maven/execution/MavenExecutionResult;+98
j  org.apache.maven.DefaultMaven.execute(Lorg/apache/maven/execution/MavenExecutionRequest;)Lorg/apache/maven/execution/MavenExecutionResult;+2
j  org.apache.maven.cli.MavenCli.execute(Lorg/apache/maven/cli/CliRequest;)I+27
j  org.apache.maven.cli.MavenCli.doMain(Lorg/apache/maven/cli/CliRequest;)I+66
j  org.apache.maven.cli.MavenCli.main([Ljava/lang/String;Lorg/codehaus/plexus/classworlds/ClassWorld;)I+24
j  java.lang.invoke.DirectMethodHandle$Holder.invokeStatic(Ljava/lang/Object;Ljava/lang/Object;Ljava/lang/Object;)I+11 java.base@18
j  java.lang.invoke.LambdaForm$MH+0x0000000800c0b000.invoke(Ljava/lang/Object;Ljava/lang/Object;Ljava/lang/Object;Ljava/lang/Object;)Ljava/lang/Object;+54 java.base@18
j  java.lang.invoke.LambdaForm$MH+0x0000000800c02800.invokeExact_MT(Ljava/lang/Object;Ljava/lang/Object;Ljava/lang/Object;Ljava/lang/Object;Ljava/lang/Object;)Ljava/lang/Object;+22 java.base@18
j  jdk.internal.reflect.DirectMethodHandleAccessor.invokeImpl(Ljava/lang/Object;[Ljava/lang/Object;)Ljava/lang/Object;+72 java.base@18
j  jdk.internal.reflect.DirectMethodHandleAccessor.invoke(Ljava/lang/Object;[Ljava/lang/Object;)Ljava/lang/Object;+23 java.base@18
j  java.lang.reflect.Method.invoke(Ljava/lang/Object;[Ljava/lang/Object;)Ljava/lang/Object;+102 java.base@18
j  org.codehaus.plexus.classworlds.launcher.Launcher.launchEnhanced([Ljava/lang/String;)V+45
j  org.codehaus.plexus.classworlds.launcher.Launcher.launch([Ljava/lang/String;)V+2
j  org.codehaus.plexus.classworlds.launcher.Launcher.mainWithExitCode([Ljava/lang/String;)I+101
j  org.codehaus.plexus.classworlds.launcher.Launcher.main([Ljava/lang/String;)V+1
j  org.codehaus.classworlds.Launcher.main([Ljava/lang/String;)V+1
v  ~StubRoutines::call_stub

siginfo: si_signo: 11 (SIGSEGV), si_code: 2 (SEGV_ACCERR), si_addr: 0x00007fe953c5a3e0

Register to memory mapping:

RAX=0x00007fe953c5a460: <offset 0x000000000124a460> in /usr/lib/jvm/jdk-18/lib/server/libjvm.so at 0x00007fe952a10000
RBX=
[error occurred during error reporting (printing register info), id 0xb, SIGSEGV (0xb) at pc=0x00007fe9530e8d8f]

Registers:
RAX=0x00007fe953c5a460, RBX=0x00000000a534c9e8, RCX=0x0000000000000008, RDX=0x00000008008273a8
RSP=0x00007fe8ff2eb568, RBP=0x00007fe8ff2eb5d0, RSI=0x00000000a534c9e8, RDI=0x00007fe92c00e820
R8 =0x0000000200000000, R9 =0x00007fe9502dd8b0, R10=0x00007fe8d00008d0, R11=0x0000000000000001
R12=0x0000000000000000, R13=0x00000000a534c9e8, R14=0x00007fe953c5b29d, R15=0x00007fe94c7bd6a0
RIP=0x00007fe953c5a3e0, EFLAGS=0x0000000000010202, CSGSFS=0x002b000000000033, ERR=0x0000000000000015
  TRAPNO=0x000000000000000e

Top of Stack: (sp=0x00007fe8ff2eb568)
0x00007fe8ff2eb568:   00007fe953129b2c 00007fe94c0a1b08
0x00007fe8ff2eb578:   0000000000089b37 0000000000000009
0x00007fe8ff2eb588:   00000000a534c9e8 00007fe92c00e6a0
0x00007fe8ff2eb598:   00007fe8d0014840 00007fe8ff2eb5d0 

Instructions: (pc=0x00007fe953c5a3e0)
0x00007fe953c5a2e0:   60 a2 c5 53 e9 7f 00 00 02 00 00 00 00 00 00 00
0x00007fe953c5a2f0:   2b 00 00 00 30 00 00 00 00 00 00 00 00 00 00 00
0x00007fe953c5a300:   00 00 00 00 00 00 00 00 00 00 00 00 00 00 00 00
0x00007fe953c5a310:   00 00 00 00 00 00 00 00 00 00 00 00 00 00 00 00
0x00007fe953c5a320:   00 00 00 00 00 00 00 00 20 3a 5a 3e 43 56 00 00
0x00007fe953c5a330:   20 3a 5a 3e 43 56 00 00 00 00 00 00 00 00 00 00
0x00007fe953c5a340:   04 0c 00 00 00 00 00 00 a0 3d 12 53 e9 7f 00 00
0x00007fe953c5a350:   01 00 00 00 00 00 00 00 00 00 00 00 00 00 00 00
0x00007fe953c5a360:   e0 a2 c5 53 e9 7f 00 00 02 00 00 00 00 00 00 00
0x00007fe953c5a370:   2b 00 00 00 4e 00 00 00 00 00 00 00 00 00 00 00
0x00007fe953c5a380:   00 00 00 00 00 00 00 00 00 00 00 00 00 00 00 00
0x00007fe953c5a390:   00 00 00 00 00 00 00 00 00 00 00 00 00 00 00 00
0x00007fe953c5a3a0:   00 00 00 00 00 00 00 00 50 3a 5a 3e 43 56 00 00
0x00007fe953c5a3b0:   50 3a 5a 3e 43 56 00 00 00 00 00 00 00 00 00 00
0x00007fe953c5a3c0:   04 0c 00 00 00 00 00 00 50 46 12 53 e9 7f 00 00
0x00007fe953c5a3d0:   a0 39 04 4c e9 7f 00 00 01 00 00 00 00 00 00 00
0x00007fe953c5a3e0:   60 a3 c5 53 e9 7f 00 00 03 00 00 00 00 00 00 00
0x00007fe953c5a3f0:   2b 00 00 00 03 00 00 00 85 00 00 00 00 00 00 00
0x00007fe953c5a400:   00 00 00 00 00 00 00 00 00 00 00 00 00 00 00 00
0x00007fe953c5a410:   00 00 00 00 00 00 00 00 00 00 00 00 00 00 00 00
0x00007fe953c5a420:   00 00 00 00 00 00 00 00 80 3a 5a 3e 43 56 00 00
0x00007fe953c5a430:   80 3a 5a 3e 43 56 00 00 00 00 00 00 00 00 00 00
0x00007fe953c5a440:   04 0c 00 00 00 00 00 00 90 72 12 53 e9 7f 00 00
0x00007fe953c5a450:   01 00 00 00 00 00 00 00 00 00 00 00 00 00 00 00
0x00007fe953c5a460:   50 37 13 53 e9 7f 00 00 70 44 13 53 e9 7f 00 00
0x00007fe953c5a470:   10 3b 13 53 e9 7f 00 00 90 33 13 53 e9 7f 00 00
0x00007fe953c5a480:   f0 1d 13 53 e9 7f 00 00 e0 24 13 53 e9 7f 00 00
0x00007fe953c5a490:   01 00 00 00 00 00 00 00 00 00 00 00 00 00 00 00
0x00007fe953c5a4a0:   e0 a3 c5 53 e9 7f 00 00 02 00 00 00 00 00 00 00
0x00007fe953c5a4b0:   2b 00 00 00 65 00 00 00 00 00 00 00 00 00 00 00
0x00007fe953c5a4c0:   00 00 00 00 00 00 00 00 00 00 00 00 00 00 00 00
0x00007fe953c5a4d0:   00 00 00 00 00 00 00 00 00 00 00 00 00 00 00 00 


Stack slot to memory mapping:
stack at sp + 0 slots: 0x00007fe953129b2c: <offset 0x0000000000719b2c> in /usr/lib/jvm/jdk-18/lib/server/libjvm.so at 0x00007fe952a10000
stack at sp + 1 slots: 0x00007fe94c0a1b08 points into unknown readable memory: 0x00000000a5300000 | 00 00 30 a5 00 00 00 00
stack at sp + 2 slots: 0x0000000000089b37 is an unknown value
stack at sp + 3 slots: 0x0000000000000009 is an unknown value
stack at sp + 4 slots: 
[error occurred during error reporting (inspecting top of stack), id 0xb, SIGSEGV (0xb) at pc=0x00007fe9530e8d8f]


---------------  P R O C E S S  ---------------

Threads class SMR info:
_java_thread_list=0x00007fe8f048f170, length=14, elements={
0x00007fe94c028d60, 0x00007fe94c0e0f10, 0x00007fe94c0e23b0, 0x00007fe94c0e9260,
0x00007fe94c0ea600, 0x00007fe94c0eba00, 0x00007fe94c0ed3a0, 0x00007fe94c0ee8c0,
0x00007fe94c0f7d10, 0x00007fe94c104700, 0x00007fe94c17a780, 0x00007fe94c17bf40,
0x00007fe90c000e30, 0x00007fe8f048e700
}

Java Threads: ( => current thread )
  0x00007fe94c028d60 JavaThread "main" [_thread_blocked, id=21731, stack(0x00007fe9547bd000,0x00007fe9548be000)]
  0x00007fe94c0e0f10 JavaThread "Reference Handler" daemon [_thread_blocked, id=21739, stack(0x00007fe9500dc000,0x00007fe9501dd000)]
  0x00007fe94c0e23b0 JavaThread "Finalizer" daemon [_thread_blocked, id=21740, stack(0x00007fe9306b5000,0x00007fe9307b6000)]
  0x00007fe94c0e9260 JavaThread "Signal Dispatcher" daemon [_thread_blocked, id=21741, stack(0x00007fe9302d5000,0x00007fe9303d6000)]
  0x00007fe94c0ea600 JavaThread "Service Thread" daemon [_thread_blocked, id=21742, stack(0x00007fe9301d4000,0x00007fe9302d5000)]
  0x00007fe94c0eba00 JavaThread "Monitor Deflation Thread" daemon [_thread_blocked, id=21743, stack(0x00007fe9300d3000,0x00007fe9301d4000)]
  0x00007fe94c0ed3a0 JavaThread "C2 CompilerThread0" daemon [_thread_in_native, id=21744, stack(0x00007fe8ffeff000,0x00007fe900000000)]
  0x00007fe94c0ee8c0 JavaThread "C1 CompilerThread0" daemon [_thread_blocked, id=21745, stack(0x00007fe8ffdfe000,0x00007fe8ffeff000)]
  0x00007fe94c0f7d10 JavaThread "Sweeper thread" daemon [_thread_blocked, id=21746, stack(0x00007fe8ffcfd000,0x00007fe8ffdfe000)]
  0x00007fe94c104700 JavaThread "Common-Cleaner" daemon [_thread_blocked, id=21747, stack(0x00007fe8ffbfc000,0x00007fe8ffcfd000)]
  0x00007fe94c17a780 JavaThread "Monitor Ctrl-Break" daemon [_thread_in_native, id=21748, stack(0x00007fe8ffafb000,0x00007fe8ffbfc000)]
  0x00007fe94c17bf40 JavaThread "Notification Thread" daemon [_thread_blocked, id=21749, stack(0x00007fe8ff9fa000,0x00007fe8ffafb000)]
  0x00007fe90c000e30 JavaThread "Attach Listener" daemon [_thread_blocked, id=21755, stack(0x00007fe8ff0eb000,0x00007fe8ff1ec000)]
  0x00007fe8f048e700 JavaThread "C2 CompilerThread1" daemon [_thread_blocked, id=21762, stack(0x00007fe8fefea000,0x00007fe8ff0eb000)]

Other Threads:
  0x00007fe94c0ddd90 VMThread "VM Thread" [stack: 0x00007fe9501df000,0x00007fe9502df000] [id=21738]
  0x00007fe94c02a4e0 WatcherThread "VM Periodic Task Thread" [stack: 0x00007fe8ff8fa000,0x00007fe8ff9fa000] [id=21750]
  0x00007fe94c077230 WorkerThread "GC Thread#0" [stack: 0x00007fe950c99000,0x00007fe950d99000] [id=21732]
  0x00007fe9100066d0 WorkerThread "GC Thread#1" [stack: 0x00007fe8ff3f2000,0x00007fe8ff4f2000] [id=21752]
  0x00007fe91000cea0 WorkerThread "GC Thread#2" [stack: 0x00007fe8ff2f0000,0x00007fe8ff3f0000] [id=21753]
=>0x00007fe91000d8c0 WorkerThread "GC Thread#3" [stack: 0x00007fe8ff1ee000,0x00007fe8ff2ee000] [id=21754]
  0x00007fe94c0841e0 ConcurrentGCThread "G1 Main Marker" [stack: 0x00007fe950b97000,0x00007fe950c97000] [id=21733]
  0x00007fe94c0850e0 WorkerThread "G1 Conc#0" [stack: 0x00007fe950a95000,0x00007fe950b95000] [id=21734]
  0x00007fe94c0b5360 ConcurrentGCThread "G1 Refine#0" [stack: 0x00007fe95058f000,0x00007fe95068f000] [id=21735]
  0x00007fe94c0b6230 ConcurrentGCThread "G1 Service" [stack: 0x00007fe95048d000,0x00007fe95058d000] [id=21736]

Threads with active compile tasks:
C2 CompilerThread0     5766 3579       4       org.apache.maven.model.inheritance.DefaultInheritanceAssembler$InheritanceModelMerger::mergePlugin (71 bytes)
C1 CompilerThread0     5766 3639   !   3       java.util.zip.ZipFile$Source::findEND (670 bytes)

VM state: at safepoint (normal execution)

VM Mutex/Monitor currently owned by a thread:  ([mutex/lock_event])
[0x00007fe94c025620] Threads_lock - owner thread: 0x00007fe94c0ddd90
[0x00007fe94c0256d0] Heap_lock - owner thread: 0x00007fe94c028d60

Heap address: 0x00000000a3200000, size: 1486 MB, Compressed Oops mode: 32-bit

CDS archive(s) mapped at: [0x0000000800000000-0x0000000800bb0000-0x0000000800bb0000), size 12255232, SharedBaseAddress: 0x0000000800000000, ArchiveRelocationMode: 0.
Compressed class space mapped at: 0x0000000800c00000-0x0000000840c00000, reserved size: 1073741824
Narrow klass base: 0x0000000800000000, Narrow klass shift: 0, Narrow klass range: 0x100000000

GC Precious Log:
 CardTable entry size: 512
 Card Set container configuration: InlinePtr #cards 5 size 8 Array Of Cards #cards 12 size 40 Howl #buckets 4 coarsen threshold 1843 Howl Bitmap #cards 512 size 80 coarsen threshold 460 Card regions per heap region 1 cards per card region 2048
 CPUs: 4 total, 4 available
 Memory: 5938M
 Large Page Support: Disabled
 NUMA Support: Disabled
 Compressed Oops: Enabled (32-bit)
 Heap Region Size: 1M
 Heap Min Capacity: 8M
 Heap Initial Capacity: 94M
 Heap Max Capacity: 1486M
 Pre-touch: Disabled
 Parallel Workers: 4
 Concurrent Workers: 1
 Concurrent Refinement Workers: 4
 Periodic GC: Disabled

Heap:
 garbage-first heap   total 98304K, used 60441K [0x00000000a3200000, 0x0000000100000000)
  region size 1024K, 53 young (54272K), 4 survivors (4096K)
 Metaspace       used 14807K, committed 15104K, reserved 1114112K
  class space    used 1619K, committed 1792K, reserved 1048576K

Heap Regions: E=young(eden), S=young(survivor), O=old, HS=humongous(starts), HC=humongous(continues), CS=collection set, F=free, OA=open archive, CA=closed archive, TAMS=top-at-mark-start (previous, next)
|   0|0x00000000a3200000, 0x00000000a3300000, 0x00000000a3300000|100%| O|  |TAMS 0x00000000a3200000, 0x00000000a3200000| Untracked 
|   1|0x00000000a3300000, 0x00000000a3400000, 0x00000000a3400000|100%| O|  |TAMS 0x00000000a3300000, 0x00000000a3300000| Untracked 
|   2|0x00000000a3400000, 0x00000000a3500000, 0x00000000a3500000|100%| O|  |TAMS 0x00000000a3400000, 0x00000000a3400000| Untracked 
|   3|0x00000000a3500000, 0x00000000a3600000, 0x00000000a3600000|100%| O|  |TAMS 0x00000000a3500000, 0x00000000a3500000| Untracked 
|   4|0x00000000a3600000, 0x00000000a3700000, 0x00000000a3700000|100%| O|  |TAMS 0x00000000a3600000, 0x00000000a3600000| Untracked 
|   5|0x00000000a3700000, 0x00000000a3800000, 0x00000000a3800000|100%| O|  |TAMS 0x00000000a3700000, 0x00000000a3700000| Untracked 
|   6|0x00000000a3800000, 0x00000000a3900000, 0x00000000a3900000|100%| O|  |TAMS 0x00000000a3800000, 0x00000000a3800000| Untracked 
|   7|0x00000000a3900000, 0x00000000a3a00000, 0x00000000a3a00000|100%| O|  |TAMS 0x00000000a3900000, 0x00000000a3900000| Untracked 
|   8|0x00000000a3a00000, 0x00000000a3b00000, 0x00000000a3b00000|100%| O|  |TAMS 0x00000000a3a00000, 0x00000000a3a00000| Untracked 
|   9|0x00000000a3b00000, 0x00000000a3b00000, 0x00000000a3c00000|  0%| F|  |TAMS 0x00000000a3b00000, 0x00000000a3b00000| Untracked 
|  10|0x00000000a3c00000, 0x00000000a3c00000, 0x00000000a3d00000|  0%| F|  |TAMS 0x00000000a3c00000, 0x00000000a3c00000| Untracked 
|  11|0x00000000a3d00000, 0x00000000a3d00000, 0x00000000a3e00000|  0%| F|  |TAMS 0x00000000a3d00000, 0x00000000a3d00000| Untracked 
|  12|0x00000000a3e00000, 0x00000000a3e00000, 0x00000000a3f00000|  0%| F|  |TAMS 0x00000000a3e00000, 0x00000000a3e00000| Untracked 
|  13|0x00000000a3f00000, 0x00000000a3f00000, 0x00000000a4000000|  0%| F|  |TAMS 0x00000000a3f00000, 0x00000000a3f00000| Untracked 
|  14|0x00000000a4000000, 0x00000000a4000000, 0x00000000a4100000|  0%| F|  |TAMS 0x00000000a4000000, 0x00000000a4000000| Untracked 
|  15|0x00000000a4100000, 0x00000000a4100000, 0x00000000a4200000|  0%| F|  |TAMS 0x00000000a4100000, 0x00000000a4100000| Untracked 
|  16|0x00000000a4200000, 0x00000000a4200000, 0x00000000a4300000|  0%| F|  |TAMS 0x00000000a4200000, 0x00000000a4200000| Untracked 
|  17|0x00000000a4300000, 0x00000000a4300000, 0x00000000a4400000|  0%| F|  |TAMS 0x00000000a4300000, 0x00000000a4300000| Untracked 
|  18|0x00000000a4400000, 0x00000000a4400000, 0x00000000a4500000|  0%| F|  |TAMS 0x00000000a4400000, 0x00000000a4400000| Untracked 
|  19|0x00000000a4500000, 0x00000000a4500000, 0x00000000a4600000|  0%| F|  |TAMS 0x00000000a4500000, 0x00000000a4500000| Untracked 
|  20|0x00000000a4600000, 0x00000000a4600000, 0x00000000a4700000|  0%| F|  |TAMS 0x00000000a4600000, 0x00000000a4600000| Untracked 
|  21|0x00000000a4700000, 0x00000000a4700000, 0x00000000a4800000|  0%| F|  |TAMS 0x00000000a4700000, 0x00000000a4700000| Untracked 
|  22|0x00000000a4800000, 0x00000000a4800000, 0x00000000a4900000|  0%| F|  |TAMS 0x00000000a4800000, 0x00000000a4800000| Untracked 
|  23|0x00000000a4900000, 0x00000000a4900000, 0x00000000a4a00000|  0%| F|  |TAMS 0x00000000a4900000, 0x00000000a4900000| Untracked 
|  24|0x00000000a4a00000, 0x00000000a4a00000, 0x00000000a4b00000|  0%| F|  |TAMS 0x00000000a4a00000, 0x00000000a4a00000| Untracked 
|  25|0x00000000a4b00000, 0x00000000a4b00000, 0x00000000a4c00000|  0%| F|  |TAMS 0x00000000a4b00000, 0x00000000a4b00000| Untracked 
|  26|0x00000000a4c00000, 0x00000000a4c00000, 0x00000000a4d00000|  0%| F|  |TAMS 0x00000000a4c00000, 0x00000000a4c00000| Untracked 
|  27|0x00000000a4d00000, 0x00000000a4d00000, 0x00000000a4e00000|  0%| F|  |TAMS 0x00000000a4d00000, 0x00000000a4d00000| Untracked 
|  28|0x00000000a4e00000, 0x00000000a4e00000, 0x00000000a4f00000|  0%| F|  |TAMS 0x00000000a4e00000, 0x00000000a4e00000| Untracked 
|  29|0x00000000a4f00000, 0x00000000a4f00000, 0x00000000a5000000|  0%| F|  |TAMS 0x00000000a4f00000, 0x00000000a4f00000| Untracked 
|  30|0x00000000a5000000, 0x00000000a5000000, 0x00000000a5100000|  0%| F|  |TAMS 0x00000000a5000000, 0x00000000a5000000| Untracked 
|  31|0x00000000a5100000, 0x00000000a5120be0, 0x00000000a5200000| 12%| E|CS|TAMS 0x00000000a5100000, 0x00000000a5100000| Complete 
|  32|0x00000000a5200000, 0x00000000a5300000, 0x00000000a5300000|100%| E|CS|TAMS 0x00000000a5200000, 0x00000000a5200000| Complete 
|  33|0x00000000a5300000, 0x00000000a5400000, 0x00000000a5400000|100%| E|CS|TAMS 0x00000000a5300000, 0x00000000a5300000| Complete 
|  34|0x00000000a5400000, 0x00000000a5500000, 0x00000000a5500000|100%| E|CS|TAMS 0x00000000a5400000, 0x00000000a5400000| Complete 
|  35|0x00000000a5500000, 0x00000000a5600000, 0x00000000a5600000|100%| E|CS|TAMS 0x00000000a5500000, 0x00000000a5500000| Complete 
|  36|0x00000000a5600000, 0x00000000a5700000, 0x00000000a5700000|100%| E|CS|TAMS 0x00000000a5600000, 0x00000000a5600000| Complete 
|  37|0x00000000a5700000, 0x00000000a5800000, 0x00000000a5800000|100%| E|CS|TAMS 0x00000000a5700000, 0x00000000a5700000| Complete 
|  38|0x00000000a5800000, 0x00000000a5800000, 0x00000000a5900000|  0%| F|  |TAMS 0x00000000a5800000, 0x00000000a5800000| Untracked 
|  39|0x00000000a5900000, 0x00000000a5900000, 0x00000000a5a00000|  0%| F|  |TAMS 0x00000000a5900000, 0x00000000a5900000| Untracked 
|  40|0x00000000a5a00000, 0x00000000a5a00000, 0x00000000a5b00000|  0%| F|  |TAMS 0x00000000a5a00000, 0x00000000a5a00000| Untracked 
|  41|0x00000000a5b00000, 0x00000000a5b7ac58, 0x00000000a5c00000| 47%| S|  |TAMS 0x00000000a5b00000, 0x00000000a5b00000| Complete 
|  42|0x00000000a5c00000, 0x00000000a5d00000, 0x00000000a5d00000|100%| S|  |TAMS 0x00000000a5c00000, 0x00000000a5c00000| Complete 
|  43|0x00000000a5d00000, 0x00000000a5e00000, 0x00000000a5e00000|100%| S|  |TAMS 0x00000000a5d00000, 0x00000000a5d00000| Complete 
|  44|0x00000000a5e00000, 0x00000000a5f00000, 0x00000000a5f00000|100%| S|  |TAMS 0x00000000a5e00000, 0x00000000a5e00000| Complete 
|  45|0x00000000a5f00000, 0x00000000a6000000, 0x00000000a6000000|100%| E|CS|TAMS 0x00000000a5f00000, 0x00000000a5f00000| Complete 
|  46|0x00000000a6000000, 0x00000000a6100000, 0x00000000a6100000|100%| E|CS|TAMS 0x00000000a6000000, 0x00000000a6000000| Complete 
|  47|0x00000000a6100000, 0x00000000a6200000, 0x00000000a6200000|100%| E|CS|TAMS 0x00000000a6100000, 0x00000000a6100000| Complete 
|  48|0x00000000a6200000, 0x00000000a6300000, 0x00000000a6300000|100%| E|CS|TAMS 0x00000000a6200000, 0x00000000a6200000| Complete 
|  49|0x00000000a6300000, 0x00000000a6400000, 0x00000000a6400000|100%| E|CS|TAMS 0x00000000a6300000, 0x00000000a6300000| Complete 
|  50|0x00000000a6400000, 0x00000000a6500000, 0x00000000a6500000|100%| E|CS|TAMS 0x00000000a6400000, 0x00000000a6400000| Complete 
|  51|0x00000000a6500000, 0x00000000a6600000, 0x00000000a6600000|100%| E|CS|TAMS 0x00000000a6500000, 0x00000000a6500000| Complete 
|  52|0x00000000a6600000, 0x00000000a6700000, 0x00000000a6700000|100%| E|CS|TAMS 0x00000000a6600000, 0x00000000a6600000| Complete 
|  53|0x00000000a6700000, 0x00000000a6800000, 0x00000000a6800000|100%| E|CS|TAMS 0x00000000a6700000, 0x00000000a6700000| Complete 
|  54|0x00000000a6800000, 0x00000000a6900000, 0x00000000a6900000|100%| E|CS|TAMS 0x00000000a6800000, 0x00000000a6800000| Complete 
|  55|0x00000000a6900000, 0x00000000a6a00000, 0x00000000a6a00000|100%| E|CS|TAMS 0x00000000a6900000, 0x00000000a6900000| Complete 
|  56|0x00000000a6a00000, 0x00000000a6b00000, 0x00000000a6b00000|100%| E|CS|TAMS 0x00000000a6a00000, 0x00000000a6a00000| Complete 
|  57|0x00000000a6b00000, 0x00000000a6c00000, 0x00000000a6c00000|100%| E|CS|TAMS 0x00000000a6b00000, 0x00000000a6b00000| Complete 
|  58|0x00000000a6c00000, 0x00000000a6d00000, 0x00000000a6d00000|100%| E|CS|TAMS 0x00000000a6c00000, 0x00000000a6c00000| Complete 
|  59|0x00000000a6d00000, 0x00000000a6e00000, 0x00000000a6e00000|100%| E|CS|TAMS 0x00000000a6d00000, 0x00000000a6d00000| Complete 
|  60|0x00000000a6e00000, 0x00000000a6f00000, 0x00000000a6f00000|100%| E|CS|TAMS 0x00000000a6e00000, 0x00000000a6e00000| Complete 
|  61|0x00000000a6f00000, 0x00000000a7000000, 0x00000000a7000000|100%| E|CS|TAMS 0x00000000a6f00000, 0x00000000a6f00000| Complete 
|  62|0x00000000a7000000, 0x00000000a7100000, 0x00000000a7100000|100%| E|CS|TAMS 0x00000000a7000000, 0x00000000a7000000| Complete 
|  63|0x00000000a7100000, 0x00000000a7200000, 0x00000000a7200000|100%| E|CS|TAMS 0x00000000a7100000, 0x00000000a7100000| Complete 
|  64|0x00000000a7200000, 0x00000000a7300000, 0x00000000a7300000|100%| E|CS|TAMS 0x00000000a7200000, 0x00000000a7200000| Complete 
|  65|0x00000000a7300000, 0x00000000a7400000, 0x00000000a7400000|100%| E|CS|TAMS 0x00000000a7300000, 0x00000000a7300000| Complete 
|  66|0x00000000a7400000, 0x00000000a7500000, 0x00000000a7500000|100%| E|CS|TAMS 0x00000000a7400000, 0x00000000a7400000| Complete 
|  67|0x00000000a7500000, 0x00000000a7600000, 0x00000000a7600000|100%| E|CS|TAMS 0x00000000a7500000, 0x00000000a7500000| Complete 
|  68|0x00000000a7600000, 0x00000000a7700000, 0x00000000a7700000|100%| E|CS|TAMS 0x00000000a7600000, 0x00000000a7600000| Complete 
|  69|0x00000000a7700000, 0x00000000a7800000, 0x00000000a7800000|100%| E|CS|TAMS 0x00000000a7700000, 0x00000000a7700000| Complete 
|  70|0x00000000a7800000, 0x00000000a7900000, 0x00000000a7900000|100%| E|CS|TAMS 0x00000000a7800000, 0x00000000a7800000| Complete 
|  71|0x00000000a7900000, 0x00000000a7a00000, 0x00000000a7a00000|100%| E|CS|TAMS 0x00000000a7900000, 0x00000000a7900000| Complete 
|  72|0x00000000a7a00000, 0x00000000a7b00000, 0x00000000a7b00000|100%| E|CS|TAMS 0x00000000a7a00000, 0x00000000a7a00000| Complete 
|  73|0x00000000a7b00000, 0x00000000a7c00000, 0x00000000a7c00000|100%| E|CS|TAMS 0x00000000a7b00000, 0x00000000a7b00000| Complete 
|  74|0x00000000a7c00000, 0x00000000a7d00000, 0x00000000a7d00000|100%| E|CS|TAMS 0x00000000a7c00000, 0x00000000a7c00000| Complete 
|  75|0x00000000a7d00000, 0x00000000a7e00000, 0x00000000a7e00000|100%| E|CS|TAMS 0x00000000a7d00000, 0x00000000a7d00000| Complete 
|  76|0x00000000a7e00000, 0x00000000a7f00000, 0x00000000a7f00000|100%| E|CS|TAMS 0x00000000a7e00000, 0x00000000a7e00000| Complete 
|  77|0x00000000a7f00000, 0x00000000a8000000, 0x00000000a8000000|100%| E|CS|TAMS 0x00000000a7f00000, 0x00000000a7f00000| Complete 
|  78|0x00000000a8000000, 0x00000000a8100000, 0x00000000a8100000|100%| E|CS|TAMS 0x00000000a8000000, 0x00000000a8000000| Complete 
|  79|0x00000000a8100000, 0x00000000a8200000, 0x00000000a8200000|100%| E|CS|TAMS 0x00000000a8100000, 0x00000000a8100000| Complete 
|  80|0x00000000a8200000, 0x00000000a8300000, 0x00000000a8300000|100%| E|CS|TAMS 0x00000000a8200000, 0x00000000a8200000| Complete 
|  81|0x00000000a8300000, 0x00000000a8400000, 0x00000000a8400000|100%| E|CS|TAMS 0x00000000a8300000, 0x00000000a8300000| Complete 
|  82|0x00000000a8400000, 0x00000000a8500000, 0x00000000a8500000|100%| E|CS|TAMS 0x00000000a8400000, 0x00000000a8400000| Complete 
|  83|0x00000000a8500000, 0x00000000a8600000, 0x00000000a8600000|100%| E|CS|TAMS 0x00000000a8500000, 0x00000000a8500000| Complete 
|  84|0x00000000a8600000, 0x00000000a8700000, 0x00000000a8700000|100%| E|CS|TAMS 0x00000000a8600000, 0x00000000a8600000| Complete 
|  85|0x00000000a8700000, 0x00000000a8800000, 0x00000000a8800000|100%| E|CS|TAMS 0x00000000a8700000, 0x00000000a8700000| Complete 
|  86|0x00000000a8800000, 0x00000000a8900000, 0x00000000a8900000|100%| E|CS|TAMS 0x00000000a8800000, 0x00000000a8800000| Complete 
|  87|0x00000000a8900000, 0x00000000a8a00000, 0x00000000a8a00000|100%| E|CS|TAMS 0x00000000a8900000, 0x00000000a8900000| Complete 
|  88|0x00000000a8a00000, 0x00000000a8b00000, 0x00000000a8b00000|100%| E|CS|TAMS 0x00000000a8a00000, 0x00000000a8a00000| Complete 
|  89|0x00000000a8b00000, 0x00000000a8c00000, 0x00000000a8c00000|100%| E|CS|TAMS 0x00000000a8b00000, 0x00000000a8b00000| Complete 
|  90|0x00000000a8c00000, 0x00000000a8d00000, 0x00000000a8d00000|100%| E|CS|TAMS 0x00000000a8c00000, 0x00000000a8c00000| Complete 
|  91|0x00000000a8d00000, 0x00000000a8e00000, 0x00000000a8e00000|100%| E|CS|TAMS 0x00000000a8d00000, 0x00000000a8d00000| Complete 
|  92|0x00000000a8e00000, 0x00000000a8f00000, 0x00000000a8f00000|100%| E|CS|TAMS 0x00000000a8e00000, 0x00000000a8e00000| Complete 
|  93|0x00000000a8f00000, 0x00000000a9000000, 0x00000000a9000000|100%| E|CS|TAMS 0x00000000a8f00000, 0x00000000a8f00000| Complete 
|1484|0x00000000ffe00000, 0x00000000ffe75000, 0x00000000fff00000| 45%|OA|  |TAMS 0x00000000ffe00000, 0x00000000ffe00000| Untracked 
|1485|0x00000000fff00000, 0x00000000fff76000, 0x0000000100000000| 46%|CA|  |TAMS 0x00000000fff00000, 0x00000000fff00000| Untracked 

Card table byte_map: [0x00007fe951080000,0x00007fe951367000] _byte_map_base: 0x00007fe950b67000

Marking Bits (Prev, Next): (CMBitMap*) 0x00007fe94c077ca0, (CMBitMap*) 0x00007fe94c077ce0
 Prev Bits: [0x00007fe933eee000, 0x00007fe935626000)
 Next Bits: [0x00007fe9327b6000, 0x00007fe933eee000)

Polling page: 0x00007fe9548d8000

Metaspace:

Usage:
  Non-class:     12,88 MB used.
      Class:      1,58 MB used.
       Both:     14,46 MB used.

Virtual space:
  Non-class space:       64,00 MB reserved,      13,00 MB ( 20%) committed,  1 nodes.
      Class space:        1,00 GB reserved,       1,75 MB ( <1%) committed,  1 nodes.
             Both:        1,06 GB reserved,      14,75 MB (  1%) committed. 

Chunk freelists:
   Non-Class:  2,70 MB
       Class:  2,12 MB
        Both:  4,82 MB

MaxMetaspaceSize: unlimited
CompressedClassSpaceSize: 1,00 GB
Initial GC threshold: 21,00 MB
Current GC threshold: 21,00 MB
CDS: on
MetaspaceReclaimPolicy: balanced
 - commit_granule_bytes: 65536.
 - commit_granule_words: 8192.
 - virtual_space_node_default_size: 8388608.
 - enlarge_chunks_in_place: 1.
 - new_chunks_are_fully_committed: 0.
 - uncommit_free_chunks: 1.
 - use_allocation_guard: 0.


Internal statistics:

num_allocs_failed_limit: 0.
num_arena_births: 266.
num_arena_deaths: 0.
num_vsnodes_births: 2.
num_vsnodes_deaths: 0.
num_space_committed: 236.
num_space_uncommitted: 0.
num_chunks_returned_to_freelist: 0.
num_chunks_taken_from_freelist: 767.
num_chunk_merges: 0.
num_chunk_splits: 525.
num_chunks_enlarged: 391.
num_inconsistent_stats: 0.

CodeHeap 'non-profiled nmethods': size=120032Kb used=1692Kb max_used=1692Kb free=118339Kb
 bounds [0x00007fe93d0ee000, 0x00007fe93d35e000, 0x00007fe944626000]
CodeHeap 'profiled nmethods': size=120028Kb used=6935Kb max_used=6935Kb free=113093Kb
 bounds [0x00007fe935bb7000, 0x00007fe936287000, 0x00007fe93d0ee000]
CodeHeap 'non-nmethods': size=5700Kb used=1183Kb max_used=1226Kb free=4516Kb
 bounds [0x00007fe935626000, 0x00007fe935896000, 0x00007fe935bb7000]
 total_blobs=4107 nmethods=3635 adapters=385
 compilation: enabled
              stopped_count=0, restarted_count=0
 full_count=0

Compilation events (20 events):
Event: 5,581 Thread 0x00007fe94c0ee8c0 3633   !   3       java.net.URL::getURLStreamHandler (191 bytes)
Event: 5,582 Thread 0x00007fe8f048e700 nmethod 3625 0x00007fe93d294510 code [0x00007fe93d2946e0, 0x00007fe93d294d08]
Event: 5,582 Thread 0x00007fe94c0ee8c0 nmethod 3633 0x00007fe936272c90 code [0x00007fe936272f40, 0x00007fe936273db0]
Event: 5,582 Thread 0x00007fe94c0ee8c0 3631       3       java.util.Arrays::fill (21 bytes)
Event: 5,582 Thread 0x00007fe94c0ee8c0 nmethod 3631 0x00007fe936274210 code [0x00007fe9362743c0, 0x00007fe936274550]
Event: 5,582 Thread 0x00007fe94c0ee8c0 3630       3       java.net.URL::isValidProtocol (78 bytes)
Event: 5,584 Thread 0x00007fe94c0ee8c0 nmethod 3630 0x00007fe936274690 code [0x00007fe9362749a0, 0x00007fe936275c70]
Event: 5,584 Thread 0x00007fe94c0ee8c0 3632       3       java.net.URL::toLowerCase (38 bytes)
Event: 5,584 Thread 0x00007fe94c0ee8c0 nmethod 3632 0x00007fe936276390 code [0x00007fe9362765a0, 0x00007fe936276a40]
Event: 5,608 Thread 0x00007fe94c0ee8c0 3634       3       java.util.jar.JarFile::getEntry (35 bytes)
Event: 5,609 Thread 0x00007fe94c0ee8c0 nmethod 3634 0x00007fe936276c10 code [0x00007fe936276e00, 0x00007fe936277290]
Event: 5,609 Thread 0x00007fe94c0ee8c0 3636       3       java.io.Reader::<init> (15 bytes)
Event: 5,609 Thread 0x00007fe94c0ee8c0 nmethod 3636 0x00007fe936277410 code [0x00007fe9362775c0, 0x00007fe9362777b0]
Event: 5,609 Thread 0x00007fe94c0ee8c0 3635       3       java.net.URL::openConnection (9 bytes)
Event: 5,609 Thread 0x00007fe94c0ee8c0 nmethod 3635 0x00007fe936277890 code [0x00007fe936277a40, 0x00007fe936277c20]
Event: 5,609 Thread 0x00007fe94c0ee8c0 3637       3       java.util.WeakHashMap::isEmpty (13 bytes)
Event: 5,609 Thread 0x00007fe94c0ee8c0 nmethod 3637 0x00007fe936277d10 code [0x00007fe936277ec0, 0x00007fe936278180]
Event: 5,611 Thread 0x00007fe94c0ee8c0 3638       3       java.util.zip.ZipFile$Source::initCEN (591 bytes)
Event: 5,619 Thread 0x00007fe94c0ee8c0 nmethod 3638 0x00007fe936278290 code [0x00007fe9362787a0, 0x00007fe93627b9c0]
Event: 5,619 Thread 0x00007fe94c0ee8c0 3639   !   3       java.util.zip.ZipFile$Source::findEND (670 bytes)

GC Heap History (7 events):
Event: 1,065 GC heap before
{Heap before GC invocations=0 (full 0):
 garbage-first heap   total 98304K, used 14252K [0x00000000a3200000, 0x0000000100000000)
  region size 1024K, 13 young (13312K), 0 survivors (0K)
 Metaspace       used 4612K, committed 4736K, reserved 1114112K
  class space    used 494K, committed 576K, reserved 1048576K
}
Event: 1,085 GC heap after
{Heap after GC invocations=1 (full 0):
 garbage-first heap   total 98304K, used 4012K [0x00000000a3200000, 0x0000000100000000)
  region size 1024K, 2 young (2048K), 2 survivors (2048K)
 Metaspace       used 4612K, committed 4736K, reserved 1114112K
  class space    used 494K, committed 576K, reserved 1048576K
}
Event: 1,474 GC heap before
{Heap before GC invocations=1 (full 0):
 garbage-first heap   total 98304K, used 19372K [0x00000000a3200000, 0x0000000100000000)
  region size 1024K, 17 young (17408K), 2 survivors (2048K)
 Metaspace       used 6559K, committed 6784K, reserved 1114112K
  class space    used 743K, committed 832K, reserved 1048576K
}
Event: 1,484 GC heap after
{Heap after GC invocations=2 (full 0):
 garbage-first heap   total 98304K, used 5409K [0x00000000a3200000, 0x0000000100000000)
  region size 1024K, 2 young (2048K), 2 survivors (2048K)
 Metaspace       used 6559K, committed 6784K, reserved 1114112K
  class space    used 743K, committed 832K, reserved 1048576K
}
Event: 3,530 GC heap before
{Heap before GC invocations=2 (full 0):
 garbage-first heap   total 98304K, used 59681K [0x00000000a3200000, 0x0000000100000000)
  region size 1024K, 56 young (57344K), 2 survivors (2048K)
 Metaspace       used 13368K, committed 13632K, reserved 1114112K
  class space    used 1504K, committed 1600K, reserved 1048576K
}
Event: 3,552 GC heap after
{Heap after GC invocations=3 (full 0):
 garbage-first heap   total 98304K, used 10265K [0x00000000a3200000, 0x0000000100000000)
  region size 1024K, 7 young (7168K), 7 survivors (7168K)
 Metaspace       used 13368K, committed 13632K, reserved 1114112K
  class space    used 1504K, committed 1600K, reserved 1048576K
}
Event: 5,623 GC heap before
{Heap before GC invocations=3 (full 0):
 garbage-first heap   total 98304K, used 60441K [0x00000000a3200000, 0x0000000100000000)
  region size 1024K, 56 young (57344K), 7 survivors (7168K)
 Metaspace       used 14807K, committed 15104K, reserved 1114112K
  class space    used 1619K, committed 1792K, reserved 1048576K
}

Deoptimization events (20 events):
Event: 5,101 Thread 0x00007fe94c028d60 DEOPT PACKING pc=0x00007fe93d26e8a4 sp=0x00007fe9548ba5d0
Event: 5,101 Thread 0x00007fe94c028d60 DEOPT UNPACKING pc=0x00007fe935678093 sp=0x00007fe9548ba5a0 mode 2
Event: 5,200 Thread 0x00007fe94c028d60 Uncommon trap: trap_request=0xfffffff4 fr.pc=0x00007fe93d26bc60 relative=0x00000000000014a0
Event: 5,200 Thread 0x00007fe94c028d60 Uncommon trap: reason=null_check action=make_not_entrant pc=0x00007fe93d26bc60 method=org.eclipse.sisu.inject.LocatedBeans$Itr.hasNext()Z @ 35 c2
Event: 5,200 Thread 0x00007fe94c028d60 DEOPT PACKING pc=0x00007fe93d26bc60 sp=0x00007fe9548ba180
Event: 5,200 Thread 0x00007fe94c028d60 DEOPT UNPACKING pc=0x00007fe935678093 sp=0x00007fe9548ba148 mode 2
Event: 5,521 Thread 0x00007fe94c028d60 DEOPT PACKING pc=0x00007fe935c5e243 sp=0x00007fe9548baf80
Event: 5,521 Thread 0x00007fe94c028d60 DEOPT UNPACKING pc=0x00007fe935678810 sp=0x00007fe9548ba480 mode 0
Event: 5,577 Thread 0x00007fe94c028d60 Uncommon trap: trap_request=0x000001bb fr.pc=0x00007fe93d16fb00 relative=0x00000000000006a0
Event: 5,577 Thread 0x00007fe94c028d60 Uncommon trap: reason=unloaded action=reinterpret pc=0x00007fe93d16fb00 method=java.util.jar.JarFile.checkForSpecialAttributes()V @ 99 c2
Event: 5,577 Thread 0x00007fe94c028d60 DEOPT PACKING pc=0x00007fe93d16fb00 sp=0x00007fe9548baab0
Event: 5,577 Thread 0x00007fe94c028d60 DEOPT UNPACKING pc=0x00007fe935678093 sp=0x00007fe9548ba9a0 mode 2
Event: 5,578 Thread 0x00007fe94c028d60 Uncommon trap: trap_request=0xffffff45 fr.pc=0x00007fe93d1720d0 relative=0x0000000000000370
Event: 5,578 Thread 0x00007fe94c028d60 Uncommon trap: reason=unstable_if action=reinterpret pc=0x00007fe93d1720d0 method=java.util.jar.JarFile.isMultiRelease()Z @ 4 c2
Event: 5,578 Thread 0x00007fe94c028d60 DEOPT PACKING pc=0x00007fe93d1720d0 sp=0x00007fe9548baac0
Event: 5,578 Thread 0x00007fe94c028d60 DEOPT UNPACKING pc=0x00007fe935678093 sp=0x00007fe9548baa98 mode 2
Event: 5,579 Thread 0x00007fe94c028d60 Uncommon trap: trap_request=0x000001bb fr.pc=0x00007fe93d129440 relative=0x0000000000000260
Event: 5,579 Thread 0x00007fe94c028d60 Uncommon trap: reason=unloaded action=reinterpret pc=0x00007fe93d129440 method=java.util.jar.JarFile.checkForSpecialAttributes()V @ 99 c2
Event: 5,579 Thread 0x00007fe94c028d60 DEOPT PACKING pc=0x00007fe93d129440 sp=0x00007fe9548ba4f0
Event: 5,579 Thread 0x00007fe94c028d60 DEOPT UNPACKING pc=0x00007fe935678093 sp=0x00007fe9548ba480 mode 2

Classes loaded (20 events):
Event: 3,744 Loading class sun/nio/cs/ISO_8859_1$Decoder
Event: 3,744 Loading class sun/nio/cs/ISO_8859_1$Decoder done
Event: 4,125 Loading class java/util/Collections$UnmodifiableList$1
Event: 4,125 Loading class java/util/Collections$UnmodifiableList$1 done
Event: 4,833 Loading class org/w3c/dom/Node
Event: 4,833 Loading class org/w3c/dom/Node done
Event: 4,833 Loading class javax/xml/parsers/ParserConfigurationException
Event: 4,833 Loading class javax/xml/parsers/ParserConfigurationException done
Event: 4,833 Loading class org/xml/sax/SAXException
Event: 4,833 Loading class org/xml/sax/SAXException done
Event: 4,834 Loading class org/w3c/dom/Document
Event: 4,834 Loading class org/w3c/dom/Document done
Event: 4,834 Loading class org/w3c/dom/Element
Event: 4,834 Loading class org/w3c/dom/Element done
Event: 4,866 Loading class java/io/FileWriter
Event: 4,866 Loading class java/io/FileWriter done
Event: 4,945 Loading class java/net/URISyntaxException
Event: 4,946 Loading class java/net/URISyntaxException done
Event: 4,954 Loading class jdk/internal/reflect/MethodHandleBooleanFieldAccessorImpl
Event: 4,954 Loading class jdk/internal/reflect/MethodHandleBooleanFieldAccessorImpl done

Classes unloaded (0 events):
No events

Classes redefined (0 events):
No events

Internal exceptions (20 events):
Event: 2,214 Thread 0x00007fe94c028d60 Exception <a 'java/lang/NoClassDefFoundError'{0x00000000a774d558}: com/google/inject/servlet/ServletModuleTargetVisitor> (0x00000000a774d558) 
thrown [open/src/hotspot/share/classfile/systemDictionary.cpp, line 244]
Event: 2,223 Thread 0x00007fe94c028d60 Exception <a 'java/lang/NoClassDefFoundError'{0x00000000a774ec10}: javax/annotation/Priority> (0x00000000a774ec10) 
thrown [open/src/hotspot/share/classfile/systemDictionary.cpp, line 244]
Event: 2,278 Thread 0x00007fe94c028d60 Exception <a 'java/lang/NoSuchMethodError'{0x00000000a762dfd8}: 'java.lang.Object java.lang.invoke.DirectMethodHandle$Holder.invokeStatic(java.lang.Object, java.lang.Object, int)'> (0x00000000a762dfd8) 
thrown [open/src/hotspot/share/interpreter/linkResolver.cpp, line 765]
Event: 2,279 Thread 0x00007fe94c028d60 Exception <a 'java/lang/NoSuchMethodError'{0x00000000a76331a8}: 'void java.lang.invoke.DirectMethodHandle$Holder.invokeStatic(java.lang.Object, java.lang.Object, int, java.lang.Object)'> (0x00000000a76331a8) 
thrown [open/src/hotspot/share/interpreter/linkResolver.cpp, line 765]
Event: 2,280 Thread 0x00007fe94c028d60 Exception <a 'java/lang/NoSuchMethodError'{0x00000000a763b148}: 'void java.lang.invoke.DelegatingMethodHandle$Holder.delegate(java.lang.Object, java.lang.Object, int, java.lang.Object)'> (0x00000000a763b148) 
thrown [open/src/hotspot/share/interpreter/linkResolver.cpp, line 765]
Event: 2,280 Thread 0x00007fe94c028d60 Exception <a 'java/lang/NoSuchMethodError'{0x00000000a763f950}: 'int java.lang.invoke.DirectMethodHandle$Holder.invokeSpecial(java.lang.Object, java.lang.Object, java.lang.Object)'> (0x00000000a763f950) 
thrown [open/src/hotspot/share/interpreter/linkResolver.cpp, line 765]
Event: 2,329 Thread 0x00007fe94c028d60 Exception <a 'java/lang/NoSuchMethodError'{0x00000000a7582070}: 'java.lang.Object java.lang.invoke.DirectMethodHandle$Holder.newInvokeSpecial(java.lang.Object, java.lang.Object, java.lang.Object, java.lang.Object, java.lang.Object, java.lang.Object, java.lang.Object)'> (0x00000000a7582070) 
thrown [open/src/hotspot/share/interpreter/linkResolver.cpp, line 765]
Event: 2,343 Thread 0x00007fe94c028d60 Exception <a 'java/lang/NoSuchMethodError'{0x00000000a75c04e0}: 'java.lang.Object java.lang.invoke.DirectMethodHandle$Holder.newInvokeSpecial(java.lang.Object, java.lang.Object, java.lang.Object, java.lang.Object, java.lang.Object, java.lang.Object, java.lang.Object, java.lang.Object, java.lang.Object)'> (0x00000000a75c04e0) 
thrown [open/src/hotspot/share/interpreter/linkResolver.cpp, line 765]
Event: 2,345 Thread 0x00007fe94c028d60 Exception <a 'java/lang/NoSuchMethodError'{0x00000000a75c67f0}: 'java.lang.Object java.lang.invoke.DirectMethodHandle$Holder.invokeSpecial(java.lang.Object, java.lang.Object, java.lang.Object, java.lang.Object, java.lang.Object, java.lang.Object, java.lang.Object, java.lang.Object, java.lang.Object, java.lang.Object)'> (0x00000000a75c67f0) 
thrown [open/src/hotspot/share/interpreter/linkResolver.cpp, line 765]
Event: 2,379 Thread 0x00007fe94c028d60 Exception <a 'java/lang/NoSuchMethodError'{0x00000000a747f9b8}: 'java.lang.Object java.lang.invoke.DirectMethodHandle$Holder.newInvokeSpecial(java.lang.Object, java.lang.Object, java.lang.Object, java.lang.Object, java.lang.Object, java.lang.Object, java.lang.Object, java.lang.Object, java.lang.Object, java.lang.Object, java.lang.Object, java.lang.Object)'> (0x00000000a747f9b8) 
thrown [open/src/hotspot/share/interpreter/linkResolver.cpp, line 765]
Event: 2,380 Thread 0x00007fe94c028d60 Exception <a 'java/lang/NoSuchMethodError'{0x00000000a7485ae8}: 'java.lang.Object java.lang.invoke.DirectMethodHandle$Holder.invokeSpecial(java.lang.Object, java.lang.Object, java.lang.Object, java.lang.Object, java.lang.Object, java.lang.Object, java.lang.Object, java.lang.Object, java.lang.Object, java.lang.Object, java.lang.Object, java.lang.Object, java.lang.Object)'> (0x00000000a7485ae8) 
thrown [open/src/hotspot/share/interpreter/linkResolver.cpp, line 765]
Event: 2,651 Thread 0x00007fe94c028d60 Exception <a 'java/lang/NoSuchMethodError'{0x00000000a6e64980}: 'void java.lang.invoke.DirectMethodHandle$Holder.invokeVirtual(java.lang.Object, java.lang.Object, int)'> (0x00000000a6e64980) 
thrown [open/src/hotspot/share/interpreter/linkResolver.cpp, line 765]
Event: 2,652 Thread 0x00007fe94c028d60 Exception <a 'java/lang/NoSuchMethodError'{0x00000000a6e68ce0}: 'int java.lang.invoke.DirectMethodHandle$Holder.invokeSpecial(java.lang.Object, java.lang.Object, java.lang.Object, int)'> (0x00000000a6e68ce0) 
thrown [open/src/hotspot/share/interpreter/linkResolver.cpp, line 765]
Event: 2,654 Thread 0x00007fe94c028d60 Exception <a 'java/lang/NoSuchMethodError'{0x00000000a6e7b488}: 'java.lang.Object java.lang.invoke.DirectMethodHandle$Holder.invokeStatic(java.lang.Object, java.lang.Object, java.lang.Object, java.lang.Object, int)'> (0x00000000a6e7b488) 
thrown [open/src/hotspot/share/interpreter/linkResolver.cpp, line 765]
Event: 2,655 Thread 0x00007fe94c028d60 Exception <a 'java/lang/NoSuchMethodError'{0x00000000a6e86d60}: 'void java.lang.invoke.DelegatingMethodHandle$Holder.reinvoke_L(java.lang.Object, java.lang.Object, int)'> (0x00000000a6e86d60) 
thrown [open/src/hotspot/share/interpreter/linkResolver.cpp, line 765]
Event: 3,634 Thread 0x00007fe94c028d60 Implicit null exception at 0x00007fe93d1bb2de to 0x00007fe93d1bc550
Event: 3,635 Thread 0x00007fe94c028d60 Implicit null exception at 0x00007fe93d180a8c to 0x00007fe93d180c88
Event: 3,635 Thread 0x00007fe94c028d60 Implicit null exception at 0x00007fe93d1c15af to 0x00007fe93d1c1629
Event: 3,934 Thread 0x00007fe94c028d60 Implicit null exception at 0x00007fe93d16308c to 0x00007fe93d163274
Event: 4,955 Thread 0x00007fe94c028d60 Exception <a 'java/lang/NoSuchMethodError'{0x00000000a6f01d30}: 'void java.lang.invoke.Invokers$Holder.invokeExact_MT(java.lang.Object, java.lang.Object, int, java.lang.Object)'> (0x00000000a6f01d30) 
thrown [open/src/hotspot/share/interpreter/linkResolver.cpp, line 765]

VM Operations (20 events):
Event: 2,432 Executing VM operation: HandshakeAllThreads done
Event: 2,515 Executing VM operation: HandshakeAllThreads
Event: 2,515 Executing VM operation: HandshakeAllThreads done
Event: 2,562 Executing VM operation: HandshakeAllThreads
Event: 2,562 Executing VM operation: HandshakeAllThreads done
Event: 2,563 Executing VM operation: HandshakeAllThreads
Event: 2,563 Executing VM operation: HandshakeAllThreads done
Event: 2,640 Executing VM operation: ICBufferFull
Event: 2,641 Executing VM operation: ICBufferFull done
Event: 3,530 Executing VM operation: G1CollectForAllocation
Event: 3,552 Executing VM operation: G1CollectForAllocation done
Event: 4,400 Executing VM operation: ICBufferFull
Event: 4,401 Executing VM operation: ICBufferFull done
Event: 4,949 Executing VM operation: HandshakeAllThreads
Event: 4,949 Executing VM operation: HandshakeAllThreads done
Event: 5,227 Executing VM operation: ICBufferFull
Event: 5,227 Executing VM operation: ICBufferFull done
Event: 5,522 Executing VM operation: HandshakeAllThreads
Event: 5,522 Executing VM operation: HandshakeAllThreads done
Event: 5,623 Executing VM operation: G1CollectForAllocation

Events (20 events):
Event: 0,391 Loaded shared library /usr/lib/jvm/jdk-18/lib/libzip.so
Event: 0,406 Thread 0x00007fe94c17a780 Thread added: 0x00007fe94c17a780
Event: 0,406 Protecting memory [0x00007fe8ffafb000,0x00007fe8ffaff000] with protection modes 0
Event: 0,406 Thread 0x00007fe94c17bf40 Thread added: 0x00007fe94c17bf40
Event: 0,406 Protecting memory [0x00007fe8ff9fa000,0x00007fe8ff9fe000] with protection modes 0
Event: 0,410 Loaded shared library /usr/lib/jvm/jdk-18/lib/libnet.so
Event: 0,419 Loaded shared library /usr/lib/jvm/jdk-18/lib/libextnet.so
Event: 0,500 Loaded shared library /usr/lib/jvm/jdk-18/lib/libverify.so
Event: 0,513 Loaded shared library /usr/lib/jvm/jdk-18/lib/libjimage.so
Event: 0,649 Loaded shared library /tmp/libjansi-1.17.1-8371684407013362789.so
Event: 1,087 Thread 0x00007fe90c000e30 Thread added: 0x00007fe90c000e30
Event: 1,087 Protecting memory [0x00007fe8ff0eb000,0x00007fe8ff0ef000] with protection modes 0
Event: 1,221 Thread 0x00007fe8f01d5380 Thread added: 0x00007fe8f01d5380
Event: 1,221 Protecting memory [0x00007fe8fefea000,0x00007fe8fefee000] with protection modes 0
Event: 2,633 Thread 0x00007fe8f01d5380 Thread exited: 0x00007fe8f01d5380
Event: 2,756 Thread 0x00007fe8f03f49d0 Thread added: 0x00007fe8f03f49d0
Event: 2,756 Protecting memory [0x00007fe8fefea000,0x00007fe8fefee000] with protection modes 0
Event: 4,479 Thread 0x00007fe8f03f49d0 Thread exited: 0x00007fe8f03f49d0
Event: 4,811 Thread 0x00007fe8f048e700 Thread added: 0x00007fe8f048e700
Event: 4,811 Protecting memory [0x00007fe8fefea000,0x00007fe8fefee000] with protection modes 0


Dynamic libraries:
a3200000-a9000000 rw-p 00000000 00:00 0 
a9000000-ffe00000 ---p 00000000 00:00 0 
ffe00000-ffe75000 rw-p 00c5e000 08:01 6183405                            /usr/lib/jvm/jdk-18/lib/server/classes.jsa
ffe75000-fff00000 rw-p 00000000 00:00 0 
fff00000-fff76000 rw-p 00be8000 08:01 6183405                            /usr/lib/jvm/jdk-18/lib/server/classes.jsa
fff76000-100000000 rw-p 00000000 00:00 0 
800000000-800449000 rw-p 00001000 08:01 6183405                          /usr/lib/jvm/jdk-18/lib/server/classes.jsa
800449000-800bb0000 r--p 0044a000 08:01 6183405                          /usr/lib/jvm/jdk-18/lib/server/classes.jsa
800bb0000-800c00000 ---p 00000000 00:00 0 
800c00000-800c40000 rw-p 00000000 00:00 0 
800c40000-800c80000 rw-p 00000000 00:00 0 
800c80000-800cc0000 rw-p 00000000 00:00 0 
800cc0000-800cd0000 rw-p 00000000 00:00 0 
800cd0000-800d00000 ---p 00000000 00:00 0 
800d00000-800df0000 rw-p 00000000 00:00 0 
800df0000-840c00000 ---p 00000000 00:00 0 
56433ddea000-56433ddeb000 r-xp 00000000 08:01 6172746                    /usr/lib/jvm/jdk-18/bin/java
56433ddec000-56433dded000 r--p 00001000 08:01 6172746                    /usr/lib/jvm/jdk-18/bin/java
56433dded000-56433ddee000 rw-p 00002000 08:01 6172746                    /usr/lib/jvm/jdk-18/bin/java
56433e591000-56433e5d8000 rw-p 00000000 00:00 0                          [heap]
7fe8c8000000-7fe8c8410000 rw-p 00000000 00:00 0 
7fe8c8410000-7fe8cc000000 ---p 00000000 00:00 0 
7fe8d0000000-7fe8d0021000 rw-p 00000000 00:00 0 
7fe8d0021000-7fe8d4000000 ---p 00000000 00:00 0 
7fe8d4000000-7fe8d4031000 rw-p 00000000 00:00 0 
7fe8d4031000-7fe8d8000000 ---p 00000000 00:00 0 
7fe8d8000000-7fe8d8021000 rw-p 00000000 00:00 0 
7fe8d8021000-7fe8dc000000 ---p 00000000 00:00 0 
7fe8dc000000-7fe8dc021000 rw-p 00000000 00:00 0 
7fe8dc021000-7fe8e0000000 ---p 00000000 00:00 0 
7fe8e0000000-7fe8e0021000 rw-p 00000000 00:00 0 
7fe8e0021000-7fe8e4000000 ---p 00000000 00:00 0 
7fe8e4000000-7fe8e4021000 rw-p 00000000 00:00 0 
7fe8e4021000-7fe8e8000000 ---p 00000000 00:00 0 
7fe8e8000000-7fe8e8021000 rw-p 00000000 00:00 0 
7fe8e8021000-7fe8ec000000 ---p 00000000 00:00 0 
7fe8ec000000-7fe8ec021000 rw-p 00000000 00:00 0 
7fe8ec021000-7fe8f0000000 ---p 00000000 00:00 0 
7fe8f0000000-7fe8f04b3000 rw-p 00000000 00:00 0 
7fe8f04b3000-7fe8f4000000 ---p 00000000 00:00 0 
7fe8f4000000-7fe8f4021000 rw-p 00000000 00:00 0 
7fe8f4021000-7fe8f8000000 ---p 00000000 00:00 0 
7fe8f8000000-7fe8f88d9000 rw-p 00000000 00:00 0 
7fe8f88d9000-7fe8fc000000 ---p 00000000 00:00 0 
7fe8fec19000-7fe8fefea000 rw-p 00000000 00:00 0 
7fe8fefea000-7fe8fefee000 ---p 00000000 00:00 0 
7fe8fefee000-7fe8ff0eb000 rw-p 00000000 00:00 0 
7fe8ff0eb000-7fe8ff0ef000 ---p 00000000 00:00 0 
7fe8ff0ef000-7fe8ff1ec000 rw-p 00000000 00:00 0 
7fe8ff1ec000-7fe8ff1ed000 ---p 00000000 00:00 0 
7fe8ff1ed000-7fe8ff2ee000 rw-p 00000000 00:00 0 
7fe8ff2ee000-7fe8ff2ef000 ---p 00000000 00:00 0 
7fe8ff2ef000-7fe8ff3f0000 rw-p 00000000 00:00 0 
7fe8ff3f0000-7fe8ff3f1000 ---p 00000000 00:00 0 
7fe8ff3f1000-7fe8ff4f2000 rw-p 00000000 00:00 0 
7fe8ff4f2000-7fe8ff4f4000 r-xp 00000000 08:01 1050913                    /lib/x86_64-linux-gnu/libutil-2.27.so
7fe8ff4f4000-7fe8ff6f3000 ---p 00002000 08:01 1050913                    /lib/x86_64-linux-gnu/libutil-2.27.so
7fe8ff6f3000-7fe8ff6f4000 r--p 00001000 08:01 1050913                    /lib/x86_64-linux-gnu/libutil-2.27.so
7fe8ff6f4000-7fe8ff6f5000 rw-p 00002000 08:01 1050913                    /lib/x86_64-linux-gnu/libutil-2.27.so
7fe8ff6f5000-7fe8ff6f8000 r-xp 00000000 08:01 8126913                    /tmp/libjansi-1.17.1-8371684407013362789.so
7fe8ff6f8000-7fe8ff8f7000 ---p 00003000 08:01 8126913                    /tmp/libjansi-1.17.1-8371684407013362789.so
7fe8ff8f7000-7fe8ff8f8000 rw-p 00002000 08:01 8126913                    /tmp/libjansi-1.17.1-8371684407013362789.so
7fe8ff8f8000-7fe8ff8f9000 ---p 00000000 00:00 0 
7fe8ff8f9000-7fe8ff9fa000 rw-p 00000000 00:00 0 
7fe8ff9fa000-7fe8ff9fe000 ---p 00000000 00:00 0 
7fe8ff9fe000-7fe8ffafb000 rw-p 00000000 00:00 0 
7fe8ffafb000-7fe8ffaff000 ---p 00000000 00:00 0 
7fe8ffaff000-7fe8ffbfc000 rw-p 00000000 00:00 0 
7fe8ffbfc000-7fe8ffc00000 ---p 00000000 00:00 0 
7fe8ffc00000-7fe8ffcfd000 rw-p 00000000 00:00 0 
7fe8ffcfd000-7fe8ffd01000 ---p 00000000 00:00 0 
7fe8ffd01000-7fe8ffdfe000 rw-p 00000000 00:00 0 
7fe8ffdfe000-7fe8ffe02000 ---p 00000000 00:00 0 
7fe8ffe02000-7fe8ffeff000 rw-p 00000000 00:00 0 
7fe8ffeff000-7fe8fff03000 ---p 00000000 00:00 0 
7fe8fff03000-7fe900000000 rw-p 00000000 00:00 0 
7fe900000000-7fe900021000 rw-p 00000000 00:00 0 
7fe900021000-7fe904000000 ---p 00000000 00:00 0 
7fe904000000-7fe904021000 rw-p 00000000 00:00 0 
7fe904021000-7fe908000000 ---p 00000000 00:00 0 
7fe908000000-7fe908021000 rw-p 00000000 00:00 0 
7fe908021000-7fe90c000000 ---p 00000000 00:00 0 
7fe90c000000-7fe90c021000 rw-p 00000000 00:00 0 
7fe90c021000-7fe910000000 ---p 00000000 00:00 0 
7fe910000000-7fe910021000 rw-p 00000000 00:00 0 
7fe910021000-7fe914000000 ---p 00000000 00:00 0 
7fe914000000-7fe914021000 rw-p 00000000 00:00 0 
7fe914021000-7fe918000000 ---p 00000000 00:00 0 
7fe918000000-7fe9183b0000 rw-p 00000000 00:00 0 
7fe9183b0000-7fe918400000 ---p 00000000 00:00 0 
7fe918400000-7fe918d50000 rw-p 00000000 00:00 0 
7fe918d50000-7fe91c000000 ---p 00000000 00:00 0 
7fe91c000000-7fe91c021000 rw-p 00000000 00:00 0 
7fe91c021000-7fe920000000 ---p 00000000 00:00 0 
7fe920000000-7fe920021000 rw-p 00000000 00:00 0 
7fe920021000-7fe924000000 ---p 00000000 00:00 0 
7fe924000000-7fe924021000 rw-p 00000000 00:00 0 
7fe924021000-7fe928000000 ---p 00000000 00:00 0 
7fe928000000-7fe928021000 rw-p 00000000 00:00 0 
7fe928021000-7fe92c000000 ---p 00000000 00:00 0 
7fe92c000000-7fe92c021000 rw-p 00000000 00:00 0 
7fe92c021000-7fe930000000 ---p 00000000 00:00 0 
7fe9300d3000-7fe9300d7000 ---p 00000000 00:00 0 
7fe9300d7000-7fe9301d4000 rw-p 00000000 00:00 0 
7fe9301d4000-7fe9301d8000 ---p 00000000 00:00 0 
7fe9301d8000-7fe9302d5000 rw-p 00000000 00:00 0 
7fe9302d5000-7fe9302d9000 ---p 00000000 00:00 0 
7fe9302d9000-7fe9303d6000 rw-p 00000000 00:00 0 
7fe9303d6000-7fe9306b5000 r--p 00000000 08:01 4195451                    /usr/lib/locale/locale-archive
7fe9306b5000-7fe9306b9000 ---p 00000000 00:00 0 
7fe9306b9000-7fe93292e000 rw-p 00000000 00:00 0 
7fe93292e000-7fe933ee6000 ---p 00000000 00:00 0 
7fe933ee6000-7fe934066000 rw-p 00000000 00:00 0 
7fe934066000-7fe93561e000 ---p 00000000 00:00 0 
7fe93561e000-7fe935626000 rw-p 00000000 00:00 0 
7fe935626000-7fe935896000 rwxp 00000000 00:00 0 
7fe935896000-7fe935bb7000 ---p 00000000 00:00 0 
7fe935bb7000-7fe936287000 rwxp 00000000 00:00 0 
7fe936287000-7fe93d0ee000 ---p 00000000 00:00 0 
7fe93d0ee000-7fe93d35e000 rwxp 00000000 00:00 0 
7fe93d35e000-7fe944626000 ---p 00000000 00:00 0 
7fe944626000-7fe94c000000 r--s 00000000 08:01 6183402                    /usr/lib/jvm/jdk-18/lib/modules
7fe94c000000-7fe94c966000 rw-p 00000000 00:00 0 
7fe94c966000-7fe950000000 ---p 00000000 00:00 0 
7fe95009d000-7fe9500aa000 r-xp 00000000 08:01 6183432                    /usr/lib/jvm/jdk-18/lib/libverify.so
7fe9500aa000-7fe9500ac000 r--p 0000c000 08:01 6183432                    /usr/lib/jvm/jdk-18/lib/libverify.so
7fe9500ac000-7fe9500ad000 rw-p 0000e000 08:01 6183432                    /usr/lib/jvm/jdk-18/lib/libverify.so
7fe9500ad000-7fe9500bb000 r-xp 00000000 08:01 6183448                    /usr/lib/jvm/jdk-18/lib/libnet.so
7fe9500bb000-7fe9500bc000 r--p 0000d000 08:01 6183448                    /usr/lib/jvm/jdk-18/lib/libnet.so
7fe9500bc000-7fe9500bd000 rw-p 0000e000 08:01 6183448                    /usr/lib/jvm/jdk-18/lib/libnet.so
7fe9500bd000-7fe9500d0000 r-xp 00000000 08:01 6183444                    /usr/lib/jvm/jdk-18/lib/libnio.so
7fe9500d0000-7fe9500d1000 r--p 00012000 08:01 6183444                    /usr/lib/jvm/jdk-18/lib/libnio.so
7fe9500d1000-7fe9500d2000 rw-p 00013000 08:01 6183444                    /usr/lib/jvm/jdk-18/lib/libnio.so
7fe9500d2000-7fe9500d9000 r-xp 00000000 08:01 6183435                    /usr/lib/jvm/jdk-18/lib/libzip.so
7fe9500d9000-7fe9500da000 ---p 00007000 08:01 6183435                    /usr/lib/jvm/jdk-18/lib/libzip.so
7fe9500da000-7fe9500db000 r--p 00007000 08:01 6183435                    /usr/lib/jvm/jdk-18/lib/libzip.so
7fe9500db000-7fe9500dc000 rw-p 00008000 08:01 6183435                    /usr/lib/jvm/jdk-18/lib/libzip.so
7fe9500dc000-7fe9500e0000 ---p 00000000 00:00 0 
7fe9500e0000-7fe9501dd000 rw-p 00000000 00:00 0 
7fe9501dd000-7fe9501de000 ---p 00000000 00:00 0 
7fe9501de000-7fe9502df000 rw-p 00000000 00:00 0 
7fe9502df000-7fe9503ad000 r-xp 00000000 08:01 6183417                    /usr/lib/jvm/jdk-18/lib/libjsvml.so
7fe9503ad000-7fe9503ae000 r--p 000cd000 08:01 6183417                    /usr/lib/jvm/jdk-18/lib/libjsvml.so
7fe9503ae000-7fe9503af000 rw-p 000ce000 08:01 6183417                    /usr/lib/jvm/jdk-18/lib/libjsvml.so
7fe9503af000-7fe95048b000 rw-p 00000000 00:00 0 
7fe95048b000-7fe95048c000 ---p 00000000 00:00 0 
7fe95048c000-7fe95058d000 rw-p 00000000 00:00 0 
7fe95058d000-7fe95058e000 ---p 00000000 00:00 0 
7fe95058e000-7fe950a93000 rw-p 00000000 00:00 0 
7fe950a93000-7fe950a94000 ---p 00000000 00:00 0 
7fe950a94000-7fe950b95000 rw-p 00000000 00:00 0 
7fe950b95000-7fe950b96000 ---p 00000000 00:00 0 
7fe950b96000-7fe950c97000 rw-p 00000000 00:00 0 
7fe950c97000-7fe950c98000 ---p 00000000 00:00 0 
7fe950c98000-7fe950dc8000 rw-p 00000000 00:00 0 
7fe950dc8000-7fe95107f000 ---p 00000000 00:00 0 
7fe95107f000-7fe9510af000 rw-p 00000000 00:00 0 
7fe9510af000-7fe951366000 ---p 00000000 00:00 0 
7fe951366000-7fe951396000 rw-p 00000000 00:00 0 
7fe951396000-7fe95164d000 ---p 00000000 00:00 0 
7fe95164d000-7fe951a57000 rw-p 00000000 00:00 0 
7fe951a57000-7fe951b3d000 ---p 00000000 00:00 0 
7fe951b3d000-7fe951b4b000 rw-p 00000000 00:00 0 
7fe951b4b000-7fe951c28000 ---p 00000000 00:00 0 
7fe951c28000-7fe951c33000 r-xp 00000000 08:01 1050895                    /lib/x86_64-linux-gnu/libnss_files-2.27.so
7fe951c33000-7fe951e32000 ---p 0000b000 08:01 1050895                    /lib/x86_64-linux-gnu/libnss_files-2.27.so
7fe951e32000-7fe951e33000 r--p 0000a000 08:01 1050895                    /lib/x86_64-linux-gnu/libnss_files-2.27.so
7fe951e33000-7fe951e34000 rw-p 0000b000 08:01 1050895                    /lib/x86_64-linux-gnu/libnss_files-2.27.so
7fe951e34000-7fe951e3a000 rw-p 00000000 00:00 0 
7fe951e3a000-7fe951e51000 r-xp 00000000 08:01 1050889                    /lib/x86_64-linux-gnu/libnsl-2.27.so
7fe951e51000-7fe952050000 ---p 00017000 08:01 1050889                    /lib/x86_64-linux-gnu/libnsl-2.27.so
7fe952050000-7fe952051000 r--p 00016000 08:01 1050889                    /lib/x86_64-linux-gnu/libnsl-2.27.so
7fe952051000-7fe952052000 rw-p 00017000 08:01 1050889                    /lib/x86_64-linux-gnu/libnsl-2.27.so
7fe952052000-7fe952054000 rw-p 00000000 00:00 0 
7fe952054000-7fe95205f000 r-xp 00000000 08:01 1050899                    /lib/x86_64-linux-gnu/libnss_nis-2.27.so
7fe95205f000-7fe95225e000 ---p 0000b000 08:01 1050899                    /lib/x86_64-linux-gnu/libnss_nis-2.27.so
7fe95225e000-7fe95225f000 r--p 0000a000 08:01 1050899                    /lib/x86_64-linux-gnu/libnss_nis-2.27.so
7fe95225f000-7fe952260000 rw-p 0000b000 08:01 1050899                    /lib/x86_64-linux-gnu/libnss_nis-2.27.so
7fe952260000-7fe952268000 r-xp 00000000 08:01 1050891                    /lib/x86_64-linux-gnu/libnss_compat-2.27.so
7fe952268000-7fe952468000 ---p 00008000 08:01 1050891                    /lib/x86_64-linux-gnu/libnss_compat-2.27.so
7fe952468000-7fe952469000 r--p 00008000 08:01 1050891                    /lib/x86_64-linux-gnu/libnss_compat-2.27.so
7fe952469000-7fe95246a000 rw-p 00009000 08:01 1050891                    /lib/x86_64-linux-gnu/libnss_compat-2.27.so
7fe95246a000-7fe952607000 r-xp 00000000 08:01 1050881                    /lib/x86_64-linux-gnu/libm-2.27.so
7fe952607000-7fe952806000 ---p 0019d000 08:01 1050881                    /lib/x86_64-linux-gnu/libm-2.27.so
7fe952806000-7fe952807000 r--p 0019c000 08:01 1050881                    /lib/x86_64-linux-gnu/libm-2.27.so
7fe952807000-7fe952808000 rw-p 0019d000 08:01 1050881                    /lib/x86_64-linux-gnu/libm-2.27.so
7fe952808000-7fe95280f000 r-xp 00000000 08:01 1050909                    /lib/x86_64-linux-gnu/librt-2.27.so
7fe95280f000-7fe952a0e000 ---p 00007000 08:01 1050909                    /lib/x86_64-linux-gnu/librt-2.27.so
7fe952a0e000-7fe952a0f000 r--p 00006000 08:01 1050909                    /lib/x86_64-linux-gnu/librt-2.27.so
7fe952a0f000-7fe952a10000 rw-p 00007000 08:01 1050909                    /lib/x86_64-linux-gnu/librt-2.27.so
7fe952a10000-7fe953b53000 r-xp 00000000 08:01 6183404                    /usr/lib/jvm/jdk-18/lib/server/libjvm.so
7fe953b53000-7fe953b54000 ---p 01143000 08:01 6183404                    /usr/lib/jvm/jdk-18/lib/server/libjvm.so
7fe953b54000-7fe953c12000 r--p 01143000 08:01 6183404                    /usr/lib/jvm/jdk-18/lib/server/libjvm.so
7fe953c12000-7fe953c45000 rw-p 01201000 08:01 6183404                    /usr/lib/jvm/jdk-18/lib/server/libjvm.so
7fe953c45000-7fe953ca0000 rw-p 00000000 00:00 0 
7fe953ca0000-7fe953e87000 r-xp 00000000 08:01 1050871                    /lib/x86_64-linux-gnu/libc-2.27.so
7fe953e87000-7fe954087000 ---p 001e7000 08:01 1050871                    /lib/x86_64-linux-gnu/libc-2.27.so
7fe954087000-7fe95408b000 r--p 001e7000 08:01 1050871                    /lib/x86_64-linux-gnu/libc-2.27.so
7fe95408b000-7fe95408d000 rw-p 001eb000 08:01 1050871                    /lib/x86_64-linux-gnu/libc-2.27.so
7fe95408d000-7fe954091000 rw-p 00000000 00:00 0 
7fe954091000-7fe954094000 r-xp 00000000 08:01 1050880                    /lib/x86_64-linux-gnu/libdl-2.27.so
7fe954094000-7fe954293000 ---p 00003000 08:01 1050880                    /lib/x86_64-linux-gnu/libdl-2.27.so
7fe954293000-7fe954294000 r--p 00002000 08:01 1050880                    /lib/x86_64-linux-gnu/libdl-2.27.so
7fe954294000-7fe954295000 rw-p 00003000 08:01 1050880                    /lib/x86_64-linux-gnu/libdl-2.27.so
7fe954295000-7fe9542af000 r-xp 00000000 08:01 1050905                    /lib/x86_64-linux-gnu/libpthread-2.27.so
7fe9542af000-7fe9544ae000 ---p 0001a000 08:01 1050905                    /lib/x86_64-linux-gnu/libpthread-2.27.so
7fe9544ae000-7fe9544af000 r--p 00019000 08:01 1050905                    /lib/x86_64-linux-gnu/libpthread-2.27.so
7fe9544af000-7fe9544b0000 rw-p 0001a000 08:01 1050905                    /lib/x86_64-linux-gnu/libpthread-2.27.so
7fe9544b0000-7fe9544b4000 rw-p 00000000 00:00 0 
7fe9544b4000-7fe9544d0000 r-xp 00000000 08:01 1049898                    /lib/x86_64-linux-gnu/libz.so.1.2.11
7fe9544d0000-7fe9546cf000 ---p 0001c000 08:01 1049898                    /lib/x86_64-linux-gnu/libz.so.1.2.11
7fe9546cf000-7fe9546d0000 r--p 0001b000 08:01 1049898                    /lib/x86_64-linux-gnu/libz.so.1.2.11
7fe9546d0000-7fe9546d1000 rw-p 0001c000 08:01 1049898                    /lib/x86_64-linux-gnu/libz.so.1.2.11
7fe9546d1000-7fe9546fa000 r-xp 00000000 08:01 1050854                    /lib/x86_64-linux-gnu/ld-2.27.so
7fe9546fb000-7fe954702000 r--s 00000000 08:01 4477248                    /usr/lib/x86_64-linux-gnu/gconv/gconv-modules.cache
7fe954702000-7fe95477a000 rw-p 00000000 00:00 0 
7fe95477a000-7fe954781000 ---p 00000000 00:00 0 
7fe954781000-7fe954789000 rw-s 00000000 08:01 8126911                    /tmp/hsperfdata_majornick/21730
7fe954789000-7fe9547ad000 r-xp 00000000 08:01 6183425                    /usr/lib/jvm/jdk-18/lib/libjava.so
7fe9547ad000-7fe9547ae000 ---p 00024000 08:01 6183425                    /usr/lib/jvm/jdk-18/lib/libjava.so
7fe9547ae000-7fe9547af000 r--p 00024000 08:01 6183425                    /usr/lib/jvm/jdk-18/lib/libjava.so
7fe9547af000-7fe9547b0000 rw-p 00025000 08:01 6183425                    /usr/lib/jvm/jdk-18/lib/libjava.so
7fe9547b0000-7fe9547b1000 rw-p 00000000 00:00 0 
7fe9547b1000-7fe9547bb000 r-xp 00000000 08:01 6183422                    /usr/lib/jvm/jdk-18/lib/libinstrument.so
7fe9547bb000-7fe9547bc000 r--p 00009000 08:01 6183422                    /usr/lib/jvm/jdk-18/lib/libinstrument.so
7fe9547bc000-7fe9547bd000 rw-p 0000a000 08:01 6183422                    /usr/lib/jvm/jdk-18/lib/libinstrument.so
7fe9547bd000-7fe9547c1000 ---p 00000000 00:00 0 
7fe9547c1000-7fe9548c0000 rw-p 00000000 00:00 0 
7fe9548c0000-7fe9548ce000 r-xp 00000000 08:01 6183428                    /usr/lib/jvm/jdk-18/lib/libjli.so
7fe9548ce000-7fe9548cf000 ---p 0000e000 08:01 6183428                    /usr/lib/jvm/jdk-18/lib/libjli.so
7fe9548cf000-7fe9548d0000 r--p 0000e000 08:01 6183428                    /usr/lib/jvm/jdk-18/lib/libjli.so
7fe9548d0000-7fe9548d1000 rw-p 0000f000 08:01 6183428                    /usr/lib/jvm/jdk-18/lib/libjli.so
7fe9548d1000-7fe9548d3000 rw-p 00000000 00:00 0 
7fe9548d4000-7fe9548d6000 r-xp 00000000 08:01 6183440                    /usr/lib/jvm/jdk-18/lib/libextnet.so
7fe9548d6000-7fe9548d7000 r--p 00001000 08:01 6183440                    /usr/lib/jvm/jdk-18/lib/libextnet.so
7fe9548d7000-7fe9548d8000 rw-p 00002000 08:01 6183440                    /usr/lib/jvm/jdk-18/lib/libextnet.so
7fe9548d8000-7fe9548d9000 ---p 00000000 00:00 0 
7fe9548d9000-7fe9548da000 r--p 00000000 00:00 0 
7fe9548da000-7fe9548db000 ---p 00000000 00:00 0 
7fe9548db000-7fe9548f6000 r-xp 00000000 08:01 6183442                    /usr/lib/jvm/jdk-18/lib/libjimage.so
7fe9548f6000-7fe9548f7000 ---p 0001b000 08:01 6183442                    /usr/lib/jvm/jdk-18/lib/libjimage.so
7fe9548f7000-7fe9548f9000 r--p 0001b000 08:01 6183442                    /usr/lib/jvm/jdk-18/lib/libjimage.so
7fe9548f9000-7fe9548fa000 rw-p 0001d000 08:01 6183442                    /usr/lib/jvm/jdk-18/lib/libjimage.so
7fe9548fa000-7fe9548fb000 r--p 00029000 08:01 1050854                    /lib/x86_64-linux-gnu/ld-2.27.so
7fe9548fb000-7fe9548fc000 rw-p 0002a000 08:01 1050854                    /lib/x86_64-linux-gnu/ld-2.27.so
7fe9548fc000-7fe9548fd000 rw-p 00000000 00:00 0 
7ffe182e5000-7ffe18306000 rw-p 00000000 00:00 0                          [stack]
7ffe183ec000-7ffe183ef000 r--p 00000000 00:00 0                          [vvar]
7ffe183ef000-7ffe183f1000 r-xp 00000000 00:00 0                          [vdso]
ffffffffff600000-ffffffffff601000 --xp 00000000 00:00 0                  [vsyscall]


VM Arguments:
jvm_args: -Dmaven.multiModuleProjectDirectory=/home/majornick/Codes/oop/quiz2/Quiz -Djansi.passthrough=true -Dmaven.home=/usr/local/games/idea/plugins/maven/lib/maven3 -Dclassworlds.conf=/usr/local/games/idea/plugins/maven/lib/maven3/bin/m2.conf -Dmaven.ext.class.path=/usr/local/games/idea/plugins/maven/lib/maven-event-listener.jar -javaagent:/usr/local/games/idea/lib/idea_rt.jar=32921:/usr/local/games/idea/bin -Dfile.encoding=UTF-8 -Dsun.stdout.encoding=UTF-8 -Dsun.stderr.encoding=UTF-8 
java_command: org.codehaus.classworlds.Launcher -Didea.version=2023.1.4 tomcat7:run
java_class_path (initial): /usr/local/games/idea/plugins/maven/lib/maven3/boot/plexus-classworlds.license:/usr/local/games/idea/plugins/maven/lib/maven3/boot/plexus-classworlds-2.6.0.jar
Launcher Type: SUN_STANDARD

[Global flags]
     intx CICompilerCount                          = 3                                         {product} {ergonomic}
     uint ConcGCThreads                            = 1                                         {product} {ergonomic}
     uint G1ConcRefinementThreads                  = 4                                         {product} {ergonomic}
   size_t G1HeapRegionSize                         = 1048576                                   {product} {ergonomic}
    uintx GCDrainStackTargetSize                   = 64                                        {product} {ergonomic}
   size_t InitialHeapSize                          = 98566144                                  {product} {ergonomic}
   size_t MarkStackSize                            = 4194304                                   {product} {ergonomic}
   size_t MaxHeapSize                              = 1558183936                                {product} {ergonomic}
   size_t MaxNewSize                               = 934281216                                 {product} {ergonomic}
   size_t MinHeapDeltaBytes                        = 1048576                                   {product} {ergonomic}
   size_t MinHeapSize                              = 8388608                                   {product} {ergonomic}
    uintx NonNMethodCodeHeapSize                   = 5832780                                {pd product} {ergonomic}
    uintx NonProfiledCodeHeapSize                  = 122912730                              {pd product} {ergonomic}
    uintx ProfiledCodeHeapSize                     = 122912730                              {pd product} {ergonomic}
    uintx ReservedCodeCacheSize                    = 251658240                              {pd product} {ergonomic}
     bool SegmentedCodeCache                       = true                                      {product} {ergonomic}
   size_t SoftMaxHeapSize                          = 1558183936                             {manageable} {ergonomic}
     bool UseCompressedClassPointers               = true                           {product lp64_product} {ergonomic}
     bool UseCompressedOops                        = true                           {product lp64_product} {ergonomic}
     bool UseG1GC                                  = true                                      {product} {ergonomic}

Logging:
Log output configuration:
 #0: stdout all=warning uptime,level,tags foldmultilines=false
 #1: stderr all=off uptime,level,tags foldmultilines=false

Environment Variables:
PATH=/home/majornick/.local/bin:/usr/local/sbin:/usr/local/bin:/usr/sbin:/usr/bin:/sbin:/bin:/usr/games:/usr/local/games:/snap/bin:/home/majornick/.dotnet/tools
SHELL=/bin/bash
DISPLAY=:0.0
LANG=en_US.UTF-8

Signal Handlers:
   SIGSEGV: crash_handler in libjvm.so, mask=11100100010111111101111111111110, flags=SA_RESTART|SA_SIGINFO
    SIGBUS: crash_handler in libjvm.so, mask=11100100010111111101111111111110, flags=SA_RESTART|SA_SIGINFO
    SIGFPE: crash_handler in libjvm.so, mask=11100100010111111101111111111110, flags=SA_RESTART|SA_SIGINFO
   SIGPIPE: javaSignalHandler in libjvm.so, mask=11100100010111111101111111111110, flags=SA_RESTART|SA_SIGINFO
   SIGXFSZ: javaSignalHandler in libjvm.so, mask=11100100010111111101111111111110, flags=SA_RESTART|SA_SIGINFO
    SIGILL: crash_handler in libjvm.so, mask=11100100010111111101111111111110, flags=SA_RESTART|SA_SIGINFO
   SIGUSR2: SR_handler in libjvm.so, mask=00100000000000000000000000000000, flags=SA_RESTART|SA_SIGINFO
    SIGHUP: SIG_IGN, mask=00000000000000000000000000000000, flags=none
    SIGINT: UserHandler in libjvm.so, mask=11100100010111111101111111111110, flags=SA_RESTART|SA_SIGINFO
   SIGTERM: UserHandler in libjvm.so, mask=11100100010111111101111111111110, flags=SA_RESTART|SA_SIGINFO
   SIGQUIT: UserHandler in libjvm.so, mask=11100100010111111101111111111110, flags=SA_RESTART|SA_SIGINFO
   SIGTRAP: crash_handler in libjvm.so, mask=11100100010111111101111111111110, flags=SA_RESTART|SA_SIGINFO


---------------  S Y S T E M  ---------------

OS:
DISTRIB_ID=Ubuntu
DISTRIB_RELEASE=18.04
DISTRIB_CODENAME=bionic
DISTRIB_DESCRIPTION="Ubuntu 18.04.6 LTS"
uname: Linux 5.4.0-144-generic #161~18.04.1-Ubuntu SMP Fri Feb 10 15:55:22 UTC 2023 x86_64
OS uptime: 0 days 4:46 hours
libc: glibc 2.27 NPTL 2.27 
rlimit (soft/hard): STACK 8192k/infinity , CORE 0k/infinity , NPROC 23551/23551 , NOFILE 1048576/1048576 , AS infinity/infinity , CPU infinity/infinity , DATA infinity/infinity , FSIZE infinity/infinity , MEMLOCK 65536k/65536k
load average: 2,17 1,95 1,67

/proc/meminfo:
MemTotal:        6081396 kB
MemFree:          774120 kB
MemAvailable:    1258844 kB
Buffers:           35496 kB
Cached:           725696 kB
SwapCached:        30212 kB
Active:          3919028 kB
Inactive:         923416 kB
Active(anon):    3564816 kB
Inactive(anon):   620508 kB
Active(file):     354212 kB
Inactive(file):   302908 kB
Unevictable:         196 kB
Mlocked:             196 kB
SwapTotal:       2097148 kB
SwapFree:        1566716 kB
Dirty:              2436 kB
Writeback:             0 kB
AnonPages:       4069948 kB
Mapped:           599436 kB
Shmem:            104908 kB
KReclaimable:      77172 kB
Slab:             254852 kB
SReclaimable:      77172 kB
SUnreclaim:       177680 kB
KernelStack:       15648 kB
PageTables:        70440 kB
NFS_Unstable:          0 kB
Bounce:                0 kB
WritebackTmp:          0 kB
CommitLimit:     5137844 kB
Committed_AS:   12532644 kB
VmallocTotal:   34359738367 kB
VmallocUsed:       54068 kB
VmallocChunk:          0 kB
Percpu:             3808 kB
HardwareCorrupted:     0 kB
AnonHugePages:         0 kB
ShmemHugePages:        0 kB
ShmemPmdMapped:        0 kB
FileHugePages:         0 kB
FilePmdMapped:         0 kB
CmaTotal:              0 kB
CmaFree:               0 kB
HugePages_Total:       0
HugePages_Free:        0
HugePages_Rsvd:        0
HugePages_Surp:        0
Hugepagesize:       2048 kB
Hugetlb:               0 kB
DirectMap4k:      572928 kB
DirectMap2M:     5718016 kB

/sys/kernel/mm/transparent_hugepage/enabled: always [madvise] never
/sys/kernel/mm/transparent_hugepage/defrag (defrag/compaction efforts parameter): always defer defer+madvise [madvise] never

Process Memory:
Virtual Size: 4773768K (peak: 4835368K)
Resident Set Size: 161488K (peak: 161488K) (anon: 133836K, file: 27652K, shmem: 0K)
Swapped out: 0K
C-Heap outstanding allocations: 20459K

/proc/sys/kernel/threads-max (system-wide limit on the number of threads): 47103
/proc/sys/vm/max_map_count (maximum number of memory map areas a process may have): 65530
/proc/sys/kernel/pid_max (system-wide limit on number of process identifiers): 32768

container (cgroup) information:
container_type: cgroupv1
cpu_cpuset_cpus: 0-3
cpu_memory_nodes: 0
active_processor_count: 4
cpu_quota: no quota
cpu_period: 100000
cpu_shares: no shares
memory_limit_in_bytes: unlimited
memory_and_swap_limit_in_bytes: not supported
memory_soft_limit_in_bytes: unlimited
memory_usage_in_bytes: 4859817984
memory_max_usage_in_bytes: 5604814848
maximum number of tasks: unlimited
current number of tasks: 552

Steal ticks since vm start: 0
Steal ticks percentage since vm start:  0,000

CPU: total 4 (initial active 4) (4 cores per cpu, 1 threads per core) family 6 model 23 stepping 10 microcode 0xa0b, cx8, cmov, fxsr, mmx, sse, sse2, sse3, ssse3, sse4.1, tsc, clflush
CPU Model and flags from /proc/cpuinfo:
model name	: Intel(R) Core(TM)2 Quad CPU    Q9400  @ 2.66GHz
flags		: fpu vme de pse tsc msr pae mce cx8 apic sep mtrr pge mca cmov pat pse36 clflush dts acpi mmx fxsr sse sse2 ht tm pbe syscall nx lm constant_tsc arch_perfmon pebs bts rep_good nopl cpuid aperfmperf pni dtes64 monitor ds_cpl vmx smx est tm2 ssse3 cx16 xtpr pdcm sse4_1 xsave lahf_lm pti tpr_shadow vnmi flexpriority dtherm

Online cpus: 0-3
Offline cpus: 
BIOS frequency limitation: 2670000
Frequency switch latency (ns): 10000
Available cpu frequencies: 2670000 2336000 2003000 
Current governor: ondemand
Core performance/turbo boost: <Not Available>

Memory: 4k page, physical 6081396k(774120k free), swap 2097148k(1566716k free)
Page Sizes: 4k

vm_info: Java HotSpot(TM) 64-Bit Server VM (18+36-2087) for linux-amd64 JRE (18+36-2087), built on Feb 15 2022 09:34:24 by "mach5one" with gcc 10.3.0

END.
